{"D:\\Programing Projects\\travel-dulu\\client\\config\\development.js": {"path":"D:\\Programing Projects\\travel-dulu\\client\\config\\development.js","statementMap":{},"fnMap":{},"branchMap":{},"s":{},"f":{},"b":{},"_coverageSchema":"1a1c01bbd47fc00a2c39e90264f33305004495a9","hash":"8d9987b0a3d18ef148afdbfda2f29e44639cd403"}
,"D:\\Programing Projects\\travel-dulu\\client\\config\\index.js": {"path":"D:\\Programing Projects\\travel-dulu\\client\\config\\index.js","statementMap":{"0":{"start":{"line":5,"column":16},"end":{"line":5,"column":53}},"1":{"start":{"line":7,"column":12},"end":{"line":7,"column":54}},"2":{"start":{"line":9,"column":15},"end":{"line":13,"column":1}}},"fnMap":{},"branchMap":{"0":{"loc":{"start":{"line":5,"column":16},"end":{"line":5,"column":53}},"type":"binary-expr","locations":[{"start":{"line":5,"column":16},"end":{"line":5,"column":36}},{"start":{"line":5,"column":40},"end":{"line":5,"column":53}}],"line":5}},"s":{"0":9,"1":9,"2":9},"f":{},"b":{"0":[9,0]},"_coverageSchema":"1a1c01bbd47fc00a2c39e90264f33305004495a9","hash":"18f13fe71fa6302c00564db263ed7a8c6ac15c2e"}
,"D:\\Programing Projects\\travel-dulu\\client\\config\\production.js": {"path":"D:\\Programing Projects\\travel-dulu\\client\\config\\production.js","statementMap":{},"fnMap":{},"branchMap":{},"s":{},"f":{},"b":{},"_coverageSchema":"1a1c01bbd47fc00a2c39e90264f33305004495a9","hash":"28f01ff632042e50094bd66476e074306689d1a8"}
,"D:\\Programing Projects\\travel-dulu\\client\\config\\test.env.js": {"path":"D:\\Programing Projects\\travel-dulu\\client\\config\\test.env.js","statementMap":{},"fnMap":{},"branchMap":{},"s":{},"f":{},"b":{},"_coverageSchema":"1a1c01bbd47fc00a2c39e90264f33305004495a9","hash":"868d0763155479fe34ccfc498d5c7190992eec70"}
,"D:\\Programing Projects\\travel-dulu\\client\\src\\configureStore.js": {"path":"D:\\Programing Projects\\travel-dulu\\client\\src\\configureStore.js","statementMap":{"0":{"start":{"line":9,"column":18},"end":{"line":9,"column":20}},"1":{"start":{"line":12,"column":23},"end":{"line":34,"column":1}},"2":{"start":{"line":13,"column":25},"end":{"line":13,"column":32}},"3":{"start":{"line":14,"column":34},"end":{"line":16,"column":3}},"4":{"start":{"line":18,"column":2},"end":{"line":20,"column":3}},"5":{"start":{"line":19,"column":4},"end":{"line":19,"column":120}},"6":{"start":{"line":19,"column":53},"end":{"line":19,"column":120}},"7":{"start":{"line":22,"column":27},"end":{"line":22,"column":72}},"8":{"start":{"line":23,"column":25},"end":{"line":23,"column":70}},"9":{"start":{"line":24,"column":22},"end":{"line":24,"column":38}},"10":{"start":{"line":25,"column":20},"end":{"line":25,"column":53}},"11":{"start":{"line":27,"column":16},"end":{"line":27,"column":91}},"12":{"start":{"line":29,"column":2},"end":{"line":29,"column":37}},"13":{"start":{"line":32,"column":2},"end":{"line":32,"column":26}},"14":{"start":{"line":33,"column":2},"end":{"line":33,"column":15}},"15":{"start":{"line":36,"column":14},"end":{"line":36,"column":39}},"16":{"start":{"line":39,"column":25},"end":{"line":39,"column":44}}},"fnMap":{"0":{"name":"(anonymous_0)","decl":{"start":{"line":12,"column":23},"end":{"line":12,"column":24}},"loc":{"start":{"line":12,"column":46},"end":{"line":34,"column":1}},"line":12}},"branchMap":{"0":{"loc":{"start":{"line":12,"column":24},"end":{"line":12,"column":41}},"type":"default-arg","locations":[{"start":{"line":12,"column":39},"end":{"line":12,"column":41}}],"line":12},"1":{"loc":{"start":{"line":18,"column":2},"end":{"line":20,"column":3}},"type":"if","locations":[{"start":{"line":18,"column":2},"end":{"line":20,"column":3}},{"start":{},"end":{}}],"line":18},"2":{"loc":{"start":{"line":18,"column":6},"end":{"line":18,"column":73}},"type":"binary-expr","locations":[{"start":{"line":18,"column":6},"end":{"line":18,"column":43}},{"start":{"line":18,"column":47},"end":{"line":18,"column":73}}],"line":18},"3":{"loc":{"start":{"line":19,"column":4},"end":{"line":19,"column":120}},"type":"if","locations":[{"start":{"line":19,"column":4},"end":{"line":19,"column":120}},{"start":{},"end":{}}],"line":19}},"s":{"0":9,"1":9,"2":9,"3":9,"4":9,"5":9,"6":0,"7":9,"8":9,"9":9,"10":9,"11":9,"12":9,"13":9,"14":9,"15":9,"16":9},"f":{"0":9},"b":{"0":[0],"1":[9,0],"2":[9,9],"3":[0,9]},"_coverageSchema":"1a1c01bbd47fc00a2c39e90264f33305004495a9","hash":"14dc30b5d771e3585bc9ed0fd1f929f3e054ebdd"}
,"D:\\Programing Projects\\travel-dulu\\client\\src\\persistence.js": {"path":"D:\\Programing Projects\\travel-dulu\\client\\src\\persistence.js","statementMap":{"0":{"start":{"line":4,"column":28},"end":{"line":8,"column":1}},"1":{"start":{"line":10,"column":32},"end":{"line":22,"column":56}},"2":{"start":{"line":11,"column":2},"end":{"line":22,"column":56}},"3":{"start":{"line":12,"column":30},"end":{"line":21,"column":5}},"4":{"start":{"line":22,"column":27},"end":{"line":22,"column":51}}},"fnMap":{"0":{"name":"(anonymous_0)","decl":{"start":{"line":10,"column":32},"end":{"line":10,"column":33}},"loc":{"start":{"line":11,"column":2},"end":{"line":22,"column":56}},"line":11},"1":{"name":"(anonymous_1)","decl":{"start":{"line":12,"column":9},"end":{"line":12,"column":10}},"loc":{"start":{"line":12,"column":30},"end":{"line":21,"column":5}},"line":12},"2":{"name":"(anonymous_2)","decl":{"start":{"line":22,"column":12},"end":{"line":22,"column":13}},"loc":{"start":{"line":22,"column":27},"end":{"line":22,"column":51}},"line":22}},"branchMap":{},"s":{"0":9,"1":9,"2":9,"3":18,"4":18},"f":{"0":9,"1":18,"2":18},"b":{},"_coverageSchema":"1a1c01bbd47fc00a2c39e90264f33305004495a9","hash":"bcbc9d771b816e7dc93141cc0512e0ef65f90edc"}
,"D:\\Programing Projects\\travel-dulu\\client\\src\\reducers.js": {"path":"D:\\Programing Projects\\travel-dulu\\client\\src\\reducers.js","statementMap":{"0":{"start":{"line":16,"column":23},"end":{"line":19,"column":1}},"1":{"start":{"line":21,"column":26},"end":{"line":30,"column":1}},"2":{"start":{"line":32,"column":22},"end":{"line":39,"column":1}},"3":{"start":{"line":33,"column":22},"end":{"line":36,"column":4}},"4":{"start":{"line":37,"column":22},"end":{"line":37,"column":67}},"5":{"start":{"line":37,"column":41},"end":{"line":37,"column":67}},"6":{"start":{"line":38,"column":2},"end":{"line":38,"column":21}}},"fnMap":{"0":{"name":"(anonymous_0)","decl":{"start":{"line":32,"column":22},"end":{"line":32,"column":23}},"loc":{"start":{"line":32,"column":28},"end":{"line":39,"column":1}},"line":32},"1":{"name":"(anonymous_1)","decl":{"start":{"line":37,"column":22},"end":{"line":37,"column":23}},"loc":{"start":{"line":37,"column":41},"end":{"line":37,"column":67}},"line":37}},"branchMap":{},"s":{"0":9,"1":9,"2":9,"3":9,"4":9,"5":59,"6":9},"f":{"0":9,"1":59},"b":{},"_coverageSchema":"1a1c01bbd47fc00a2c39e90264f33305004495a9","hash":"a8738ed2680dc3ac90e5bb9bcae4a29c94949ec1"}
,"D:\\Programing Projects\\travel-dulu\\client\\src\\rootSaga.js": {"path":"D:\\Programing Projects\\travel-dulu\\client\\src\\rootSaga.js","statementMap":{"0":{"start":{"line":13,"column":2},"end":{"line":22,"column":5}}},"fnMap":{"0":{"name":"rootSaga","decl":{"start":{"line":12,"column":25},"end":{"line":12,"column":33}},"loc":{"start":{"line":12,"column":36},"end":{"line":23,"column":1}},"line":12}},"branchMap":{},"s":{"0":9},"f":{"0":9},"b":{},"_coverageSchema":"1a1c01bbd47fc00a2c39e90264f33305004495a9","hash":"c8373534b16802810efe8bcb1463d39b18fcad37"}
,"D:\\Programing Projects\\travel-dulu\\client\\src\\components\\Loader\\index.jsx": {"path":"D:\\Programing Projects\\travel-dulu\\client\\src\\components\\Loader\\index.jsx","statementMap":{"0":{"start":{"line":6,"column":15},"end":{"line":16,"column":1}},"1":{"start":{"line":7,"column":2},"end":{"line":15,"column":8}},"2":{"start":{"line":18,"column":0},"end":{"line":20,"column":2}}},"fnMap":{"0":{"name":"(anonymous_0)","decl":{"start":{"line":6,"column":15},"end":{"line":6,"column":16}},"loc":{"start":{"line":7,"column":2},"end":{"line":15,"column":8}},"line":7}},"branchMap":{"0":{"loc":{"start":{"line":11,"column":28},"end":{"line":11,"column":46}},"type":"binary-expr","locations":[{"start":{"line":11,"column":28},"end":{"line":11,"column":37}},{"start":{"line":11,"column":41},"end":{"line":11,"column":46}}],"line":11}},"s":{"0":1,"1":3,"2":1},"f":{"0":3},"b":{"0":[3,1]},"_coverageSchema":"1a1c01bbd47fc00a2c39e90264f33305004495a9","hash":"223b2916576034deec46b78ff39c94820c7495b5"}
,"D:\\Programing Projects\\travel-dulu\\client\\src\\components\\Navbar\\index.jsx": {"path":"D:\\Programing Projects\\travel-dulu\\client\\src\\components\\Navbar\\index.jsx","statementMap":{"0":{"start":{"line":21,"column":15},"end":{"line":124,"column":1}},"1":{"start":{"line":22,"column":19},"end":{"line":22,"column":32}},"2":{"start":{"line":23,"column":19},"end":{"line":23,"column":32}},"3":{"start":{"line":25,"column":42},"end":{"line":25,"column":56}},"4":{"start":{"line":26,"column":34},"end":{"line":26,"column":48}},"5":{"start":{"line":27,"column":38},"end":{"line":27,"column":52}},"6":{"start":{"line":28,"column":38},"end":{"line":28,"column":53}},"7":{"start":{"line":30,"column":15},"end":{"line":30,"column":36}},"8":{"start":{"line":31,"column":21},"end":{"line":31,"column":38}},"9":{"start":{"line":33,"column":31},"end":{"line":39,"column":3}},"10":{"start":{"line":34,"column":4},"end":{"line":38,"column":5}},"11":{"start":{"line":35,"column":6},"end":{"line":35,"column":24}},"12":{"start":{"line":37,"column":6},"end":{"line":37,"column":35}},"13":{"start":{"line":41,"column":22},"end":{"line":43,"column":3}},"14":{"start":{"line":42,"column":4},"end":{"line":42,"column":41}},"15":{"start":{"line":45,"column":22},"end":{"line":47,"column":3}},"16":{"start":{"line":46,"column":4},"end":{"line":46,"column":26}},"17":{"start":{"line":49,"column":22},"end":{"line":51,"column":3}},"18":{"start":{"line":50,"column":4},"end":{"line":50,"column":61}},"19":{"start":{"line":53,"column":23},"end":{"line":58,"column":3}},"20":{"start":{"line":54,"column":4},"end":{"line":56,"column":5}},"21":{"start":{"line":55,"column":6},"end":{"line":55,"column":32}},"22":{"start":{"line":57,"column":4},"end":{"line":57,"column":18}},"23":{"start":{"line":60,"column":17},"end":{"line":62,"column":3}},"24":{"start":{"line":61,"column":4},"end":{"line":61,"column":18}},"25":{"start":{"line":64,"column":2},"end":{"line":70,"column":17}},"26":{"start":{"line":65,"column":4},"end":{"line":69,"column":5}},"27":{"start":{"line":66,"column":19},"end":{"line":66,"column":47}},"28":{"start":{"line":67,"column":6},"end":{"line":67,"column":40}},"29":{"start":{"line":68,"column":6},"end":{"line":68,"column":47}},"30":{"start":{"line":72,"column":2},"end":{"line":123,"column":4}},"31":{"start":{"line":86,"column":63},"end":{"line":86,"column":81}},"32":{"start":{"line":89,"column":66},"end":{"line":89,"column":87}},"33":{"start":{"line":104,"column":35},"end":{"line":104,"column":53}},"34":{"start":{"line":112,"column":35},"end":{"line":112,"column":53}},"35":{"start":{"line":126,"column":0},"end":{"line":132,"column":2}},"36":{"start":{"line":134,"column":24},"end":{"line":137,"column":2}}},"fnMap":{"0":{"name":"(anonymous_0)","decl":{"start":{"line":21,"column":15},"end":{"line":21,"column":16}},"loc":{"start":{"line":21,"column":88},"end":{"line":124,"column":1}},"line":21},"1":{"name":"(anonymous_1)","decl":{"start":{"line":33,"column":31},"end":{"line":33,"column":32}},"loc":{"start":{"line":33,"column":38},"end":{"line":39,"column":3}},"line":33},"2":{"name":"(anonymous_2)","decl":{"start":{"line":41,"column":22},"end":{"line":41,"column":23}},"loc":{"start":{"line":41,"column":33},"end":{"line":43,"column":3}},"line":41},"3":{"name":"(anonymous_3)","decl":{"start":{"line":45,"column":22},"end":{"line":45,"column":23}},"loc":{"start":{"line":45,"column":28},"end":{"line":47,"column":3}},"line":45},"4":{"name":"(anonymous_4)","decl":{"start":{"line":49,"column":22},"end":{"line":49,"column":23}},"loc":{"start":{"line":49,"column":28},"end":{"line":51,"column":3}},"line":49},"5":{"name":"(anonymous_5)","decl":{"start":{"line":53,"column":23},"end":{"line":53,"column":24}},"loc":{"start":{"line":53,"column":33},"end":{"line":58,"column":3}},"line":53},"6":{"name":"(anonymous_6)","decl":{"start":{"line":60,"column":17},"end":{"line":60,"column":18}},"loc":{"start":{"line":60,"column":23},"end":{"line":62,"column":3}},"line":60},"7":{"name":"(anonymous_7)","decl":{"start":{"line":64,"column":12},"end":{"line":64,"column":13}},"loc":{"start":{"line":64,"column":18},"end":{"line":70,"column":3}},"line":64},"8":{"name":"(anonymous_8)","decl":{"start":{"line":86,"column":57},"end":{"line":86,"column":58}},"loc":{"start":{"line":86,"column":63},"end":{"line":86,"column":81}},"line":86},"9":{"name":"(anonymous_9)","decl":{"start":{"line":89,"column":60},"end":{"line":89,"column":61}},"loc":{"start":{"line":89,"column":66},"end":{"line":89,"column":87}},"line":89},"10":{"name":"(anonymous_10)","decl":{"start":{"line":104,"column":29},"end":{"line":104,"column":30}},"loc":{"start":{"line":104,"column":35},"end":{"line":104,"column":53}},"line":104},"11":{"name":"(anonymous_11)","decl":{"start":{"line":112,"column":29},"end":{"line":112,"column":30}},"loc":{"start":{"line":112,"column":35},"end":{"line":112,"column":53}},"line":112}},"branchMap":{"0":{"loc":{"start":{"line":34,"column":4},"end":{"line":38,"column":5}},"type":"if","locations":[{"start":{"line":34,"column":4},"end":{"line":38,"column":5}},{"start":{"line":36,"column":11},"end":{"line":38,"column":5}}],"line":34},"1":{"loc":{"start":{"line":50,"column":22},"end":{"line":50,"column":58}},"type":"cond-expr","locations":[{"start":{"line":50,"column":42},"end":{"line":50,"column":48}},{"start":{"line":50,"column":51},"end":{"line":50,"column":58}}],"line":50},"2":{"loc":{"start":{"line":54,"column":4},"end":{"line":56,"column":5}},"type":"if","locations":[{"start":{"line":54,"column":4},"end":{"line":56,"column":5}},{"start":{},"end":{}}],"line":54},"3":{"loc":{"start":{"line":65,"column":4},"end":{"line":69,"column":5}},"type":"if","locations":[{"start":{"line":65,"column":4},"end":{"line":69,"column":5}},{"start":{},"end":{}}],"line":65},"4":{"loc":{"start":{"line":79,"column":11},"end":{"line":92,"column":18}},"type":"cond-expr","locations":[{"start":{"line":80,"column":12},"end":{"line":85,"column":18}},{"start":{"line":85,"column":21},"end":{"line":92,"column":18}}],"line":79},"5":{"loc":{"start":{"line":95,"column":13},"end":{"line":95,"column":71}},"type":"cond-expr","locations":[{"start":{"line":95,"column":33},"end":{"line":95,"column":51}},{"start":{"line":95,"column":54},"end":{"line":95,"column":71}}],"line":95},"6":{"loc":{"start":{"line":98,"column":52},"end":{"line":98,"column":91}},"type":"cond-expr","locations":[{"start":{"line":98,"column":70},"end":{"line":98,"column":79}},{"start":{"line":98,"column":82},"end":{"line":98,"column":91}}],"line":98}},"s":{"0":1,"1":8,"2":8,"3":8,"4":8,"5":8,"6":8,"7":8,"8":8,"9":8,"10":0,"11":0,"12":0,"13":8,"14":1,"15":8,"16":0,"17":8,"18":0,"19":8,"20":0,"21":0,"22":0,"23":8,"24":1,"25":8,"26":7,"27":0,"28":0,"29":0,"30":8,"31":1,"32":1,"33":0,"34":0,"35":1,"36":1},"f":{"0":8,"1":0,"2":1,"3":0,"4":0,"5":0,"6":1,"7":7,"8":1,"9":1,"10":0,"11":0},"b":{"0":[0,0],"1":[0,0],"2":[0,0],"3":[0,7],"4":[4,4],"5":[3,5],"6":[0,8]},"_coverageSchema":"1a1c01bbd47fc00a2c39e90264f33305004495a9","hash":"47470c88883b8e0d4f52035fd49b3ca5d6ef9dce"}
,"D:\\Programing Projects\\travel-dulu\\client\\src\\components\\Navbar\\components\\DropdownMenu.jsx": {"path":"D:\\Programing Projects\\travel-dulu\\client\\src\\components\\Navbar\\components\\DropdownMenu.jsx","statementMap":{"0":{"start":{"line":19,"column":21},"end":{"line":19,"column":34}},"1":{"start":{"line":20,"column":21},"end":{"line":20,"column":34}},"2":{"start":{"line":22,"column":8},"end":{"line":41,"column":9}},"3":{"start":{"line":24,"column":16},"end":{"line":24,"column":37}},"4":{"start":{"line":25,"column":16},"end":{"line":25,"column":26}},"5":{"start":{"line":26,"column":16},"end":{"line":26,"column":22}},"6":{"start":{"line":28,"column":16},"end":{"line":28,"column":38}},"7":{"start":{"line":29,"column":16},"end":{"line":29,"column":26}},"8":{"start":{"line":30,"column":16},"end":{"line":30,"column":22}},"9":{"start":{"line":32,"column":16},"end":{"line":32,"column":37}},"10":{"start":{"line":33,"column":16},"end":{"line":33,"column":26}},"11":{"start":{"line":34,"column":16},"end":{"line":34,"column":22}},"12":{"start":{"line":36,"column":16},"end":{"line":36,"column":42}},"13":{"start":{"line":37,"column":16},"end":{"line":37,"column":44}},"14":{"start":{"line":38,"column":16},"end":{"line":38,"column":41}},"15":{"start":{"line":39,"column":16},"end":{"line":39,"column":26}},"16":{"start":{"line":40,"column":16},"end":{"line":40,"column":22}},"17":{"start":{"line":44,"column":4},"end":{"line":74,"column":6}},"18":{"start":{"line":55,"column":41},"end":{"line":55,"column":58}},"19":{"start":{"line":59,"column":41},"end":{"line":59,"column":58}},"20":{"start":{"line":63,"column":56},"end":{"line":63,"column":73}},"21":{"start":{"line":68,"column":41},"end":{"line":68,"column":58}},"22":{"start":{"line":77,"column":0},"end":{"line":83,"column":1}}},"fnMap":{"0":{"name":"DropDownMenu","decl":{"start":{"line":17,"column":9},"end":{"line":17,"column":21}},"loc":{"start":{"line":17,"column":78},"end":{"line":75,"column":1}},"line":17},"1":{"name":"menuItemAction","decl":{"start":{"line":21,"column":13},"end":{"line":21,"column":27}},"loc":{"start":{"line":21,"column":32},"end":{"line":42,"column":5}},"line":21},"2":{"name":"(anonymous_2)","decl":{"start":{"line":55,"column":35},"end":{"line":55,"column":36}},"loc":{"start":{"line":55,"column":41},"end":{"line":55,"column":58}},"line":55},"3":{"name":"(anonymous_3)","decl":{"start":{"line":59,"column":35},"end":{"line":59,"column":36}},"loc":{"start":{"line":59,"column":41},"end":{"line":59,"column":58}},"line":59},"4":{"name":"(anonymous_4)","decl":{"start":{"line":63,"column":50},"end":{"line":63,"column":51}},"loc":{"start":{"line":63,"column":56},"end":{"line":63,"column":73}},"line":63},"5":{"name":"(anonymous_5)","decl":{"start":{"line":68,"column":35},"end":{"line":68,"column":36}},"loc":{"start":{"line":68,"column":41},"end":{"line":68,"column":58}},"line":68}},"branchMap":{"0":{"loc":{"start":{"line":22,"column":8},"end":{"line":41,"column":9}},"type":"switch","locations":[{"start":{"line":23,"column":12},"end":{"line":26,"column":22}},{"start":{"line":27,"column":12},"end":{"line":30,"column":22}},{"start":{"line":31,"column":12},"end":{"line":34,"column":22}},{"start":{"line":35,"column":12},"end":{"line":40,"column":22}}],"line":22},"1":{"loc":{"start":{"line":63,"column":17},"end":{"line":66,"column":27}},"type":"binary-expr","locations":[{"start":{"line":63,"column":17},"end":{"line":63,"column":27}},{"start":{"line":63,"column":31},"end":{"line":66,"column":27}}],"line":63}},"s":{"0":4,"1":4,"2":0,"3":0,"4":0,"5":0,"6":0,"7":0,"8":0,"9":0,"10":0,"11":0,"12":0,"13":0,"14":0,"15":0,"16":0,"17":4,"18":0,"19":0,"20":0,"21":0,"22":1},"f":{"0":4,"1":0,"2":0,"3":0,"4":0,"5":0},"b":{"0":[0,0,0,0],"1":[4,0]},"_coverageSchema":"1a1c01bbd47fc00a2c39e90264f33305004495a9","hash":"4d78d4a80c1c6cbf151b6229f2927a9058e06217"}
,"D:\\Programing Projects\\travel-dulu\\client\\src\\components\\PopupMessage\\Dialog.jsx": {"path":"D:\\Programing Projects\\travel-dulu\\client\\src\\components\\PopupMessage\\Dialog.jsx","statementMap":{"0":{"start":{"line":8,"column":21},"end":{"line":24,"column":1}},"1":{"start":{"line":9,"column":2},"end":{"line":23,"column":4}},"2":{"start":{"line":26,"column":0},"end":{"line":31,"column":2}}},"fnMap":{"0":{"name":"(anonymous_0)","decl":{"start":{"line":8,"column":21},"end":{"line":8,"column":22}},"loc":{"start":{"line":8,"column":60},"end":{"line":24,"column":1}},"line":8}},"branchMap":{"0":{"loc":{"start":{"line":13,"column":32},"end":{"line":13,"column":64}},"type":"binary-expr","locations":[{"start":{"line":13,"column":32},"end":{"line":13,"column":37}},{"start":{"line":13,"column":41},"end":{"line":13,"column":64}}],"line":13},"1":{"loc":{"start":{"line":16,"column":32},"end":{"line":16,"column":68}},"type":"binary-expr","locations":[{"start":{"line":16,"column":32},"end":{"line":16,"column":39}},{"start":{"line":16,"column":43},"end":{"line":16,"column":68}}],"line":16}},"s":{"0":1,"1":4,"2":1},"f":{"0":4},"b":{"0":[4,3],"1":[4,3]},"_coverageSchema":"1a1c01bbd47fc00a2c39e90264f33305004495a9","hash":"57394ab046a908e05a5047a37219bc65d41897b7"}
,"D:\\Programing Projects\\travel-dulu\\client\\src\\components\\PopupWindow\\Dialog.jsx": {"path":"D:\\Programing Projects\\travel-dulu\\client\\src\\components\\PopupWindow\\Dialog.jsx","statementMap":{"0":{"start":{"line":9,"column":20},"end":{"line":17,"column":1}},"1":{"start":{"line":10,"column":2},"end":{"line":16,"column":4}},"2":{"start":{"line":19,"column":0},"end":{"line":23,"column":2}}},"fnMap":{"0":{"name":"(anonymous_0)","decl":{"start":{"line":9,"column":20},"end":{"line":9,"column":21}},"loc":{"start":{"line":9,"column":53},"end":{"line":17,"column":1}},"line":9}},"branchMap":{},"s":{"0":2,"1":5,"2":2},"f":{"0":5},"b":{},"_coverageSchema":"1a1c01bbd47fc00a2c39e90264f33305004495a9","hash":"d6b569c700934cc4064407e3e6ebbf5bb5629d80"}
,"D:\\Programing Projects\\travel-dulu\\client\\src\\components\\TicketCard\\index.jsx": {"path":"D:\\Programing Projects\\travel-dulu\\client\\src\\components\\TicketCard\\index.jsx","statementMap":{"0":{"start":{"line":13,"column":19},"end":{"line":43,"column":1}},"1":{"start":{"line":14,"column":21},"end":{"line":14,"column":34}},"2":{"start":{"line":16,"column":4},"end":{"line":42,"column":6}},"3":{"start":{"line":17,"column":62},"end":{"line":17,"column":148}},"4":{"start":{"line":45,"column":0},"end":{"line":47,"column":1}}},"fnMap":{"0":{"name":"(anonymous_0)","decl":{"start":{"line":13,"column":19},"end":{"line":13,"column":20}},"loc":{"start":{"line":13,"column":45},"end":{"line":43,"column":1}},"line":13},"1":{"name":"(anonymous_1)","decl":{"start":{"line":17,"column":56},"end":{"line":17,"column":57}},"loc":{"start":{"line":17,"column":62},"end":{"line":17,"column":148}},"line":17}},"branchMap":{"0":{"loc":{"start":{"line":17,"column":62},"end":{"line":17,"column":148}},"type":"cond-expr","locations":[{"start":{"line":17,"column":75},"end":{"line":17,"column":114}},{"start":{"line":17,"column":117},"end":{"line":17,"column":148}}],"line":17}},"s":{"0":2,"1":5,"2":5,"3":2,"4":2},"f":{"0":5,"1":2},"b":{"0":[1,1]},"_coverageSchema":"1a1c01bbd47fc00a2c39e90264f33305004495a9","hash":"571a9899077733d6e0af03a8a5ee5fab449188bd"}
,"D:\\Programing Projects\\travel-dulu\\client\\src\\containers\\App\\selectors.js": {"path":"D:\\Programing Projects\\travel-dulu\\client\\src\\containers\\App\\selectors.js","statementMap":{"0":{"start":{"line":4,"column":23},"end":{"line":4,"column":59}},"1":{"start":{"line":4,"column":34},"end":{"line":4,"column":59}},"2":{"start":{"line":6,"column":28},"end":{"line":6,"column":83}},"3":{"start":{"line":6,"column":70},"end":{"line":6,"column":82}},"4":{"start":{"line":7,"column":27},"end":{"line":7,"column":81}},"5":{"start":{"line":7,"column":69},"end":{"line":7,"column":80}},"6":{"start":{"line":8,"column":27},"end":{"line":8,"column":81}},"7":{"start":{"line":8,"column":69},"end":{"line":8,"column":80}},"8":{"start":{"line":9,"column":29},"end":{"line":9,"column":85}},"9":{"start":{"line":9,"column":71},"end":{"line":9,"column":84}}},"fnMap":{"0":{"name":"(anonymous_0)","decl":{"start":{"line":4,"column":23},"end":{"line":4,"column":24}},"loc":{"start":{"line":4,"column":34},"end":{"line":4,"column":59}},"line":4},"1":{"name":"(anonymous_1)","decl":{"start":{"line":6,"column":59},"end":{"line":6,"column":60}},"loc":{"start":{"line":6,"column":70},"end":{"line":6,"column":82}},"line":6},"2":{"name":"(anonymous_2)","decl":{"start":{"line":7,"column":58},"end":{"line":7,"column":59}},"loc":{"start":{"line":7,"column":69},"end":{"line":7,"column":80}},"line":7},"3":{"name":"(anonymous_3)","decl":{"start":{"line":8,"column":58},"end":{"line":8,"column":59}},"loc":{"start":{"line":8,"column":69},"end":{"line":8,"column":80}},"line":8},"4":{"name":"(anonymous_4)","decl":{"start":{"line":9,"column":60},"end":{"line":9,"column":61}},"loc":{"start":{"line":9,"column":71},"end":{"line":9,"column":84}},"line":9}},"branchMap":{"0":{"loc":{"start":{"line":4,"column":34},"end":{"line":4,"column":59}},"type":"binary-expr","locations":[{"start":{"line":4,"column":34},"end":{"line":4,"column":43}},{"start":{"line":4,"column":47},"end":{"line":4,"column":59}}],"line":4}},"s":{"0":9,"1":33,"2":9,"3":12,"4":9,"5":0,"6":9,"7":0,"8":9,"9":0},"f":{"0":33,"1":12,"2":0,"3":0,"4":0},"b":{"0":[33,0]},"_coverageSchema":"1a1c01bbd47fc00a2c39e90264f33305004495a9","hash":"d16fc21b5e28992e0493376edd2f976b3ed8a43b"}
,"D:\\Programing Projects\\travel-dulu\\client\\src\\containers\\Client\\selectors.js": {"path":"D:\\Programing Projects\\travel-dulu\\client\\src\\containers\\Client\\selectors.js","statementMap":{"0":{"start":{"line":4,"column":26},"end":{"line":4,"column":65}},"1":{"start":{"line":4,"column":37},"end":{"line":4,"column":65}},"2":{"start":{"line":6,"column":27},"end":{"line":6,"column":84}},"3":{"start":{"line":6,"column":72},"end":{"line":6,"column":83}},"4":{"start":{"line":7,"column":27},"end":{"line":7,"column":84}},"5":{"start":{"line":7,"column":72},"end":{"line":7,"column":83}},"6":{"start":{"line":8,"column":30},"end":{"line":8,"column":90}},"7":{"start":{"line":8,"column":75},"end":{"line":8,"column":89}}},"fnMap":{"0":{"name":"(anonymous_0)","decl":{"start":{"line":4,"column":26},"end":{"line":4,"column":27}},"loc":{"start":{"line":4,"column":37},"end":{"line":4,"column":65}},"line":4},"1":{"name":"(anonymous_1)","decl":{"start":{"line":6,"column":61},"end":{"line":6,"column":62}},"loc":{"start":{"line":6,"column":72},"end":{"line":6,"column":83}},"line":6},"2":{"name":"(anonymous_2)","decl":{"start":{"line":7,"column":61},"end":{"line":7,"column":62}},"loc":{"start":{"line":7,"column":72},"end":{"line":7,"column":83}},"line":7},"3":{"name":"(anonymous_3)","decl":{"start":{"line":8,"column":64},"end":{"line":8,"column":65}},"loc":{"start":{"line":8,"column":75},"end":{"line":8,"column":89}},"line":8}},"branchMap":{"0":{"loc":{"start":{"line":4,"column":37},"end":{"line":4,"column":65}},"type":"binary-expr","locations":[{"start":{"line":4,"column":37},"end":{"line":4,"column":49}},{"start":{"line":4,"column":53},"end":{"line":4,"column":65}}],"line":4}},"s":{"0":5,"1":25,"2":5,"3":3,"4":5,"5":0,"6":5,"7":3},"f":{"0":25,"1":3,"2":0,"3":3},"b":{"0":[25,0]},"_coverageSchema":"1a1c01bbd47fc00a2c39e90264f33305004495a9","hash":"10eae72741cbfd3565da8bffe286573f3c85423d"}
,"D:\\Programing Projects\\travel-dulu\\client\\src\\containers\\Language\\index.jsx": {"path":"D:\\Programing Projects\\travel-dulu\\client\\src\\containers\\Language\\index.jsx","statementMap":{"0":{"start":{"line":9,"column":17},"end":{"line":13,"column":1}},"1":{"start":{"line":10,"column":2},"end":{"line":12,"column":17}},"2":{"start":{"line":15,"column":0},"end":{"line":19,"column":2}},"3":{"start":{"line":21,"column":24},"end":{"line":24,"column":2}}},"fnMap":{"0":{"name":"(anonymous_0)","decl":{"start":{"line":9,"column":17},"end":{"line":9,"column":18}},"loc":{"start":{"line":10,"column":2},"end":{"line":12,"column":17}},"line":10}},"branchMap":{},"s":{"0":9,"1":29,"2":9,"3":9},"f":{"0":29},"b":{},"_coverageSchema":"1a1c01bbd47fc00a2c39e90264f33305004495a9","hash":"b1784e09793c15d73089c4805c5abfd0201b7397"}
,"D:\\Programing Projects\\travel-dulu\\client\\src\\containers\\Language\\selectors.js": {"path":"D:\\Programing Projects\\travel-dulu\\client\\src\\containers\\Language\\selectors.js","statementMap":{"0":{"start":{"line":5,"column":23},"end":{"line":5,"column":64}},"1":{"start":{"line":5,"column":34},"end":{"line":5,"column":64}},"2":{"start":{"line":7,"column":30},"end":{"line":7,"column":87}},"3":{"start":{"line":7,"column":72},"end":{"line":7,"column":86}}},"fnMap":{"0":{"name":"(anonymous_0)","decl":{"start":{"line":5,"column":23},"end":{"line":5,"column":24}},"loc":{"start":{"line":5,"column":34},"end":{"line":5,"column":64}},"line":5},"1":{"name":"(anonymous_1)","decl":{"start":{"line":7,"column":61},"end":{"line":7,"column":62}},"loc":{"start":{"line":7,"column":72},"end":{"line":7,"column":86}},"line":7}},"branchMap":{"0":{"loc":{"start":{"line":5,"column":34},"end":{"line":5,"column":64}},"type":"binary-expr","locations":[{"start":{"line":5,"column":34},"end":{"line":5,"column":48}},{"start":{"line":5,"column":52},"end":{"line":5,"column":64}}],"line":5}},"s":{"0":9,"1":33,"2":9,"3":9},"f":{"0":33,"1":9},"b":{"0":[33,0]},"_coverageSchema":"1a1c01bbd47fc00a2c39e90264f33305004495a9","hash":"0826ed5db761e38022ca635feac289d2a838d763"}
,"D:\\Programing Projects\\travel-dulu\\client\\src\\domain\\api.js": {"path":"D:\\Programing Projects\\travel-dulu\\client\\src\\domain\\api.js","statementMap":{"0":{"start":{"line":6,"column":13},"end":{"line":16,"column":1}},"1":{"start":{"line":18,"column":23},"end":{"line":36,"column":1}},"2":{"start":{"line":19,"column":24},"end":{"line":21,"column":3}},"3":{"start":{"line":23,"column":18},"end":{"line":23,"column":46}},"4":{"start":{"line":24,"column":18},"end":{"line":30,"column":3}},"5":{"start":{"line":32,"column":2},"end":{"line":35,"column":5}},"6":{"start":{"line":33,"column":24},"end":{"line":33,"column":37}},"7":{"start":{"line":34,"column":4},"end":{"line":34,"column":23}},"8":{"start":{"line":38,"column":20},"end":{"line":38,"column":51}},"9":{"start":{"line":38,"column":26},"end":{"line":38,"column":51}},"10":{"start":{"line":41,"column":21},"end":{"line":41,"column":80}},"11":{"start":{"line":41,"column":35},"end":{"line":41,"column":80}},"12":{"start":{"line":42,"column":24},"end":{"line":42,"column":86}},"13":{"start":{"line":42,"column":38},"end":{"line":42,"column":86}},"14":{"start":{"line":45,"column":29},"end":{"line":45,"column":84}},"15":{"start":{"line":45,"column":43},"end":{"line":45,"column":84}},"16":{"start":{"line":46,"column":34},"end":{"line":46,"column":101}},"17":{"start":{"line":46,"column":48},"end":{"line":46,"column":101}},"18":{"start":{"line":47,"column":31},"end":{"line":47,"column":101}},"19":{"start":{"line":47,"column":45},"end":{"line":47,"column":101}},"20":{"start":{"line":48,"column":36},"end":{"line":48,"column":113}},"21":{"start":{"line":48,"column":50},"end":{"line":48,"column":113}},"22":{"start":{"line":49,"column":31},"end":{"line":49,"column":171}},"23":{"start":{"line":49,"column":45},"end":{"line":49,"column":171}},"24":{"start":{"line":50,"column":31},"end":{"line":50,"column":171}},"25":{"start":{"line":50,"column":45},"end":{"line":50,"column":171}},"26":{"start":{"line":51,"column":31},"end":{"line":51,"column":106}},"27":{"start":{"line":51,"column":45},"end":{"line":51,"column":106}},"28":{"start":{"line":54,"column":29},"end":{"line":54,"column":63}},"29":{"start":{"line":54,"column":35},"end":{"line":54,"column":63}},"30":{"start":{"line":55,"column":39},"end":{"line":55,"column":109}},"31":{"start":{"line":55,"column":53},"end":{"line":55,"column":109}},"32":{"start":{"line":56,"column":31},"end":{"line":56,"column":104}},"33":{"start":{"line":56,"column":45},"end":{"line":56,"column":104}},"34":{"start":{"line":57,"column":28},"end":{"line":57,"column":103}},"35":{"start":{"line":57,"column":42},"end":{"line":57,"column":103}},"36":{"start":{"line":60,"column":33},"end":{"line":60,"column":67}},"37":{"start":{"line":60,"column":39},"end":{"line":60,"column":67}},"38":{"start":{"line":61,"column":35},"end":{"line":61,"column":103}},"39":{"start":{"line":61,"column":49},"end":{"line":61,"column":103}},"40":{"start":{"line":62,"column":41},"end":{"line":62,"column":89}},"41":{"start":{"line":62,"column":47},"end":{"line":62,"column":89}},"42":{"start":{"line":63,"column":43},"end":{"line":63,"column":120}},"43":{"start":{"line":63,"column":57},"end":{"line":63,"column":120}},"44":{"start":{"line":64,"column":32},"end":{"line":64,"column":105}},"45":{"start":{"line":64,"column":46},"end":{"line":64,"column":105}},"46":{"start":{"line":65,"column":38},"end":{"line":65,"column":119}},"47":{"start":{"line":65,"column":52},"end":{"line":65,"column":119}},"48":{"start":{"line":68,"column":34},"end":{"line":68,"column":68}},"49":{"start":{"line":68,"column":40},"end":{"line":68,"column":68}},"50":{"start":{"line":69,"column":34},"end":{"line":69,"column":177}},"51":{"start":{"line":69,"column":48},"end":{"line":69,"column":177}},"52":{"start":{"line":70,"column":33},"end":{"line":70,"column":108}},"53":{"start":{"line":70,"column":47},"end":{"line":70,"column":108}},"54":{"start":{"line":71,"column":32},"end":{"line":71,"column":105}},"55":{"start":{"line":71,"column":46},"end":{"line":71,"column":105}}},"fnMap":{"0":{"name":"(anonymous_0)","decl":{"start":{"line":18,"column":23},"end":{"line":18,"column":24}},"loc":{"start":{"line":18,"column":88},"end":{"line":36,"column":1}},"line":18},"1":{"name":"(anonymous_1)","decl":{"start":{"line":32,"column":31},"end":{"line":32,"column":32}},"loc":{"start":{"line":32,"column":45},"end":{"line":35,"column":3}},"line":32},"2":{"name":"(anonymous_2)","decl":{"start":{"line":38,"column":20},"end":{"line":38,"column":21}},"loc":{"start":{"line":38,"column":26},"end":{"line":38,"column":51}},"line":38},"3":{"name":"(anonymous_3)","decl":{"start":{"line":41,"column":21},"end":{"line":41,"column":22}},"loc":{"start":{"line":41,"column":35},"end":{"line":41,"column":80}},"line":41},"4":{"name":"(anonymous_4)","decl":{"start":{"line":42,"column":24},"end":{"line":42,"column":25}},"loc":{"start":{"line":42,"column":38},"end":{"line":42,"column":86}},"line":42},"5":{"name":"(anonymous_5)","decl":{"start":{"line":45,"column":29},"end":{"line":45,"column":30}},"loc":{"start":{"line":45,"column":43},"end":{"line":45,"column":84}},"line":45},"6":{"name":"(anonymous_6)","decl":{"start":{"line":46,"column":34},"end":{"line":46,"column":35}},"loc":{"start":{"line":46,"column":48},"end":{"line":46,"column":101}},"line":46},"7":{"name":"(anonymous_7)","decl":{"start":{"line":47,"column":31},"end":{"line":47,"column":32}},"loc":{"start":{"line":47,"column":45},"end":{"line":47,"column":101}},"line":47},"8":{"name":"(anonymous_8)","decl":{"start":{"line":48,"column":36},"end":{"line":48,"column":37}},"loc":{"start":{"line":48,"column":50},"end":{"line":48,"column":113}},"line":48},"9":{"name":"(anonymous_9)","decl":{"start":{"line":49,"column":31},"end":{"line":49,"column":32}},"loc":{"start":{"line":49,"column":45},"end":{"line":49,"column":171}},"line":49},"10":{"name":"(anonymous_10)","decl":{"start":{"line":50,"column":31},"end":{"line":50,"column":32}},"loc":{"start":{"line":50,"column":45},"end":{"line":50,"column":171}},"line":50},"11":{"name":"(anonymous_11)","decl":{"start":{"line":51,"column":31},"end":{"line":51,"column":32}},"loc":{"start":{"line":51,"column":45},"end":{"line":51,"column":106}},"line":51},"12":{"name":"(anonymous_12)","decl":{"start":{"line":54,"column":29},"end":{"line":54,"column":30}},"loc":{"start":{"line":54,"column":35},"end":{"line":54,"column":63}},"line":54},"13":{"name":"(anonymous_13)","decl":{"start":{"line":55,"column":39},"end":{"line":55,"column":40}},"loc":{"start":{"line":55,"column":53},"end":{"line":55,"column":109}},"line":55},"14":{"name":"(anonymous_14)","decl":{"start":{"line":56,"column":31},"end":{"line":56,"column":32}},"loc":{"start":{"line":56,"column":45},"end":{"line":56,"column":104}},"line":56},"15":{"name":"(anonymous_15)","decl":{"start":{"line":57,"column":28},"end":{"line":57,"column":29}},"loc":{"start":{"line":57,"column":42},"end":{"line":57,"column":103}},"line":57},"16":{"name":"(anonymous_16)","decl":{"start":{"line":60,"column":33},"end":{"line":60,"column":34}},"loc":{"start":{"line":60,"column":39},"end":{"line":60,"column":67}},"line":60},"17":{"name":"(anonymous_17)","decl":{"start":{"line":61,"column":35},"end":{"line":61,"column":36}},"loc":{"start":{"line":61,"column":49},"end":{"line":61,"column":103}},"line":61},"18":{"name":"(anonymous_18)","decl":{"start":{"line":62,"column":41},"end":{"line":62,"column":42}},"loc":{"start":{"line":62,"column":47},"end":{"line":62,"column":89}},"line":62},"19":{"name":"(anonymous_19)","decl":{"start":{"line":63,"column":43},"end":{"line":63,"column":44}},"loc":{"start":{"line":63,"column":57},"end":{"line":63,"column":120}},"line":63},"20":{"name":"(anonymous_20)","decl":{"start":{"line":64,"column":32},"end":{"line":64,"column":33}},"loc":{"start":{"line":64,"column":46},"end":{"line":64,"column":105}},"line":64},"21":{"name":"(anonymous_21)","decl":{"start":{"line":65,"column":38},"end":{"line":65,"column":39}},"loc":{"start":{"line":65,"column":52},"end":{"line":65,"column":119}},"line":65},"22":{"name":"(anonymous_22)","decl":{"start":{"line":68,"column":34},"end":{"line":68,"column":35}},"loc":{"start":{"line":68,"column":40},"end":{"line":68,"column":68}},"line":68},"23":{"name":"(anonymous_23)","decl":{"start":{"line":69,"column":34},"end":{"line":69,"column":35}},"loc":{"start":{"line":69,"column":48},"end":{"line":69,"column":177}},"line":69},"24":{"name":"(anonymous_24)","decl":{"start":{"line":70,"column":33},"end":{"line":70,"column":34}},"loc":{"start":{"line":70,"column":47},"end":{"line":70,"column":108}},"line":70},"25":{"name":"(anonymous_25)","decl":{"start":{"line":71,"column":32},"end":{"line":71,"column":33}},"loc":{"start":{"line":71,"column":46},"end":{"line":71,"column":105}},"line":71}},"branchMap":{"0":{"loc":{"start":{"line":18,"column":48},"end":{"line":18,"column":59}},"type":"default-arg","locations":[{"start":{"line":18,"column":57},"end":{"line":18,"column":59}}],"line":18},"1":{"loc":{"start":{"line":18,"column":61},"end":{"line":18,"column":72}},"type":"default-arg","locations":[{"start":{"line":18,"column":70},"end":{"line":18,"column":72}}],"line":18},"2":{"loc":{"start":{"line":18,"column":74},"end":{"line":18,"column":83}},"type":"default-arg","locations":[{"start":{"line":18,"column":81},"end":{"line":18,"column":83}}],"line":18}},"s":{"0":9,"1":9,"2":6,"3":6,"4":6,"5":6,"6":0,"7":0,"8":9,"9":0,"10":9,"11":0,"12":9,"13":0,"14":9,"15":2,"16":9,"17":0,"18":9,"19":0,"20":9,"21":0,"22":9,"23":0,"24":9,"25":0,"26":9,"27":0,"28":9,"29":2,"30":9,"31":0,"32":9,"33":0,"34":9,"35":0,"36":9,"37":2,"38":9,"39":0,"40":9,"41":0,"42":9,"43":0,"44":9,"45":0,"46":9,"47":0,"48":9,"49":0,"50":9,"51":0,"52":9,"53":0,"54":9,"55":0},"f":{"0":6,"1":0,"2":0,"3":0,"4":0,"5":2,"6":0,"7":0,"8":0,"9":0,"10":0,"11":0,"12":2,"13":0,"14":0,"15":0,"16":2,"17":0,"18":0,"19":0,"20":0,"21":0,"22":0,"23":0,"24":0,"25":0},"b":{"0":[4],"1":[4],"2":[6]},"_coverageSchema":"1a1c01bbd47fc00a2c39e90264f33305004495a9","hash":"c50c75ddcc27914c343401d29b38ab07d13f04d4"}
,"D:\\Programing Projects\\travel-dulu\\client\\src\\languages\\en.js": {"path":"D:\\Programing Projects\\travel-dulu\\client\\src\\languages\\en.js","statementMap":{},"fnMap":{},"branchMap":{},"s":{},"f":{},"b":{},"_coverageSchema":"1a1c01bbd47fc00a2c39e90264f33305004495a9","hash":"4cdeef822bac24468137228de6c3f0e8aa6b939d"}
,"D:\\Programing Projects\\travel-dulu\\client\\src\\languages\\id.js": {"path":"D:\\Programing Projects\\travel-dulu\\client\\src\\languages\\id.js","statementMap":{},"fnMap":{},"branchMap":{},"s":{},"f":{},"b":{},"_coverageSchema":"1a1c01bbd47fc00a2c39e90264f33305004495a9","hash":"10fbf85ccc718df9683c726a1668a7c5f922e448"}
,"D:\\Programing Projects\\travel-dulu\\client\\src\\pages\\Bookings\\index.jsx": {"path":"D:\\Programing Projects\\travel-dulu\\client\\src\\pages\\Bookings\\index.jsx","statementMap":{"0":{"start":{"line":17,"column":17},"end":{"line":61,"column":1}},"1":{"start":{"line":18,"column":21},"end":{"line":18,"column":34}},"2":{"start":{"line":19,"column":21},"end":{"line":19,"column":34}},"3":{"start":{"line":20,"column":17},"end":{"line":20,"column":26}},"4":{"start":{"line":22,"column":36},"end":{"line":22,"column":50}},"5":{"start":{"line":23,"column":40},"end":{"line":23,"column":55}},"6":{"start":{"line":25,"column":20},"end":{"line":28,"column":5}},"7":{"start":{"line":26,"column":8},"end":{"line":26,"column":60}},"8":{"start":{"line":26,"column":22},"end":{"line":26,"column":60}},"9":{"start":{"line":27,"column":8},"end":{"line":27,"column":26}},"10":{"start":{"line":30,"column":4},"end":{"line":39,"column":19}},"11":{"start":{"line":31,"column":29},"end":{"line":31,"column":34}},"12":{"start":{"line":32,"column":8},"end":{"line":36,"column":9}},"13":{"start":{"line":33,"column":25},"end":{"line":33,"column":53}},"14":{"start":{"line":34,"column":12},"end":{"line":34,"column":63}},"15":{"start":{"line":35,"column":12},"end":{"line":35,"column":42}},"16":{"start":{"line":37,"column":8},"end":{"line":37,"column":38}},"17":{"start":{"line":38,"column":8},"end":{"line":38,"column":50}},"18":{"start":{"line":41,"column":4},"end":{"line":60,"column":6}},"19":{"start":{"line":49,"column":32},"end":{"line":49,"column":120}},"20":{"start":{"line":49,"column":83},"end":{"line":49,"column":98}},"21":{"start":{"line":63,"column":0},"end":{"line":66,"column":1}},"22":{"start":{"line":68,"column":24},"end":{"line":71,"column":2}}},"fnMap":{"0":{"name":"(anonymous_0)","decl":{"start":{"line":17,"column":17},"end":{"line":17,"column":18}},"loc":{"start":{"line":17,"column":48},"end":{"line":61,"column":1}},"line":17},"1":{"name":"(anonymous_1)","decl":{"start":{"line":25,"column":20},"end":{"line":25,"column":21}},"loc":{"start":{"line":25,"column":35},"end":{"line":28,"column":5}},"line":25},"2":{"name":"(anonymous_2)","decl":{"start":{"line":30,"column":14},"end":{"line":30,"column":15}},"loc":{"start":{"line":30,"column":20},"end":{"line":39,"column":5}},"line":30},"3":{"name":"(anonymous_3)","decl":{"start":{"line":48,"column":45},"end":{"line":48,"column":46}},"loc":{"start":{"line":49,"column":32},"end":{"line":49,"column":120}},"line":49},"4":{"name":"(anonymous_4)","decl":{"start":{"line":49,"column":75},"end":{"line":49,"column":76}},"loc":{"start":{"line":49,"column":83},"end":{"line":49,"column":98}},"line":49}},"branchMap":{"0":{"loc":{"start":{"line":26,"column":8},"end":{"line":26,"column":60}},"type":"if","locations":[{"start":{"line":26,"column":8},"end":{"line":26,"column":60}},{"start":{},"end":{}}],"line":26},"1":{"loc":{"start":{"line":32,"column":8},"end":{"line":36,"column":9}},"type":"if","locations":[{"start":{"line":32,"column":8},"end":{"line":36,"column":9}},{"start":{},"end":{}}],"line":32},"2":{"loc":{"start":{"line":34,"column":29},"end":{"line":34,"column":62}},"type":"binary-expr","locations":[{"start":{"line":34,"column":29},"end":{"line":34,"column":33}},{"start":{"line":34,"column":37},"end":{"line":34,"column":62}}],"line":34},"3":{"loc":{"start":{"line":44,"column":13},"end":{"line":57,"column":86}},"type":"cond-expr","locations":[{"start":{"line":45,"column":16},"end":{"line":55,"column":22}},{"start":{"line":57,"column":16},"end":{"line":57,"column":86}}],"line":44},"4":{"loc":{"start":{"line":46,"column":21},"end":{"line":54,"column":26}},"type":"cond-expr","locations":[{"start":{"line":46,"column":46},"end":{"line":52,"column":26}},{"start":{"line":52,"column":29},"end":{"line":54,"column":26}}],"line":46}},"s":{"0":1,"1":4,"2":4,"3":4,"4":4,"5":4,"6":4,"7":0,"8":0,"9":0,"10":4,"11":2,"12":2,"13":0,"14":0,"15":0,"16":2,"17":2,"18":4,"19":0,"20":0,"21":1,"22":1},"f":{"0":4,"1":0,"2":2,"3":0,"4":0},"b":{"0":[0,0],"1":[0,2],"2":[0,0],"3":[4,0],"4":[0,4]},"_coverageSchema":"1a1c01bbd47fc00a2c39e90264f33305004495a9","hash":"825c580ffade5ce447d36ab23dbac8df695d4a8e"}
,"D:\\Programing Projects\\travel-dulu\\client\\src\\pages\\Bookings\\selectors.js": {"path":"D:\\Programing Projects\\travel-dulu\\client\\src\\pages\\Bookings\\selectors.js","statementMap":{"0":{"start":{"line":4,"column":27},"end":{"line":4,"column":68}},"1":{"start":{"line":4,"column":38},"end":{"line":4,"column":68}},"2":{"start":{"line":6,"column":33},"end":{"line":6,"column":98}},"3":{"start":{"line":6,"column":79},"end":{"line":6,"column":97}},"4":{"start":{"line":7,"column":39},"end":{"line":7,"column":109}},"5":{"start":{"line":7,"column":85},"end":{"line":7,"column":108}}},"fnMap":{"0":{"name":"(anonymous_0)","decl":{"start":{"line":4,"column":27},"end":{"line":4,"column":28}},"loc":{"start":{"line":4,"column":38},"end":{"line":4,"column":68}},"line":4},"1":{"name":"(anonymous_1)","decl":{"start":{"line":6,"column":68},"end":{"line":6,"column":69}},"loc":{"start":{"line":6,"column":79},"end":{"line":6,"column":97}},"line":6},"2":{"name":"(anonymous_2)","decl":{"start":{"line":7,"column":74},"end":{"line":7,"column":75}},"loc":{"start":{"line":7,"column":85},"end":{"line":7,"column":108}},"line":7}},"branchMap":{"0":{"loc":{"start":{"line":4,"column":38},"end":{"line":4,"column":68}},"type":"binary-expr","locations":[{"start":{"line":4,"column":38},"end":{"line":4,"column":52}},{"start":{"line":4,"column":56},"end":{"line":4,"column":68}}],"line":4}},"s":{"0":1,"1":4,"2":1,"3":3,"4":1,"5":0},"f":{"0":4,"1":3,"2":0},"b":{"0":[4,0]},"_coverageSchema":"1a1c01bbd47fc00a2c39e90264f33305004495a9","hash":"7c7242d94a2d3dd52101ef08930486bb2c062124"}
,"D:\\Programing Projects\\travel-dulu\\client\\src\\pages\\Bookings\\components\\BookingCard.jsx": {"path":"D:\\Programing Projects\\travel-dulu\\client\\src\\pages\\Bookings\\components\\BookingCard.jsx","statementMap":{"0":{"start":{"line":7,"column":20},"end":{"line":49,"column":1}},"1":{"start":{"line":9,"column":32},"end":{"line":9,"column":46}},"2":{"start":{"line":11,"column":4},"end":{"line":34,"column":15}},"3":{"start":{"line":12,"column":8},"end":{"line":33,"column":9}},"4":{"start":{"line":13,"column":12},"end":{"line":32,"column":13}},"5":{"start":{"line":15,"column":20},"end":{"line":18,"column":23}},"6":{"start":{"line":19,"column":20},"end":{"line":19,"column":26}},"7":{"start":{"line":21,"column":20},"end":{"line":24,"column":23}},"8":{"start":{"line":25,"column":20},"end":{"line":25,"column":26}},"9":{"start":{"line":27,"column":20},"end":{"line":30,"column":23}},"10":{"start":{"line":31,"column":20},"end":{"line":31,"column":26}},"11":{"start":{"line":36,"column":4},"end":{"line":48,"column":6}},"12":{"start":{"line":37,"column":60},"end":{"line":37,"column":83}},"13":{"start":{"line":51,"column":0},"end":{"line":54,"column":1}}},"fnMap":{"0":{"name":"(anonymous_0)","decl":{"start":{"line":7,"column":20},"end":{"line":7,"column":21}},"loc":{"start":{"line":7,"column":49},"end":{"line":49,"column":1}},"line":7},"1":{"name":"(anonymous_1)","decl":{"start":{"line":11,"column":14},"end":{"line":11,"column":15}},"loc":{"start":{"line":11,"column":20},"end":{"line":34,"column":5}},"line":11},"2":{"name":"(anonymous_2)","decl":{"start":{"line":37,"column":54},"end":{"line":37,"column":55}},"loc":{"start":{"line":37,"column":60},"end":{"line":37,"column":83}},"line":37}},"branchMap":{"0":{"loc":{"start":{"line":12,"column":8},"end":{"line":33,"column":9}},"type":"if","locations":[{"start":{"line":12,"column":8},"end":{"line":33,"column":9}},{"start":{},"end":{}}],"line":12},"1":{"loc":{"start":{"line":13,"column":12},"end":{"line":32,"column":13}},"type":"switch","locations":[{"start":{"line":14,"column":16},"end":{"line":19,"column":26}},{"start":{"line":20,"column":16},"end":{"line":25,"column":26}},{"start":{"line":26,"column":16},"end":{"line":31,"column":26}}],"line":13}},"s":{"0":1,"1":0,"2":0,"3":0,"4":0,"5":0,"6":0,"7":0,"8":0,"9":0,"10":0,"11":0,"12":0,"13":1},"f":{"0":0,"1":0,"2":0},"b":{"0":[0,0],"1":[0,0,0]},"_coverageSchema":"1a1c01bbd47fc00a2c39e90264f33305004495a9","hash":"91dedcfb559c12575b531c0db3262e9c84f0cb27"}
,"D:\\Programing Projects\\travel-dulu\\client\\src\\pages\\Bookings\\components\\BookingDetail.jsx": {"path":"D:\\Programing Projects\\travel-dulu\\client\\src\\pages\\Bookings\\components\\BookingDetail.jsx","statementMap":{"0":{"start":{"line":17,"column":31},"end":{"line":130,"column":1}},"1":{"start":{"line":18,"column":21},"end":{"line":18,"column":34}},"2":{"start":{"line":20,"column":32},"end":{"line":20,"column":46}},"3":{"start":{"line":21,"column":52},"end":{"line":21,"column":67}},"4":{"start":{"line":23,"column":26},"end":{"line":47,"column":5}},"5":{"start":{"line":24,"column":8},"end":{"line":46,"column":9}},"6":{"start":{"line":26,"column":16},"end":{"line":30,"column":19}},"7":{"start":{"line":31,"column":16},"end":{"line":31,"column":22}},"8":{"start":{"line":33,"column":16},"end":{"line":37,"column":19}},"9":{"start":{"line":38,"column":16},"end":{"line":38,"column":22}},"10":{"start":{"line":40,"column":16},"end":{"line":44,"column":19}},"11":{"start":{"line":45,"column":16},"end":{"line":45,"column":22}},"12":{"start":{"line":49,"column":28},"end":{"line":54,"column":5}},"13":{"start":{"line":50,"column":8},"end":{"line":53,"column":12}},"14":{"start":{"line":51,"column":12},"end":{"line":51,"column":59}},"15":{"start":{"line":52,"column":12},"end":{"line":52,"column":38}},"16":{"start":{"line":56,"column":4},"end":{"line":60,"column":22}},"17":{"start":{"line":57,"column":8},"end":{"line":59,"column":9}},"18":{"start":{"line":58,"column":12},"end":{"line":58,"column":47}},"19":{"start":{"line":61,"column":4},"end":{"line":63,"column":13}},"20":{"start":{"line":62,"column":8},"end":{"line":62,"column":59}},"21":{"start":{"line":65,"column":4},"end":{"line":129,"column":6}},"22":{"start":{"line":68,"column":67},"end":{"line":68,"column":89}},"23":{"start":{"line":104,"column":74},"end":{"line":104,"column":95}},"24":{"start":{"line":105,"column":90},"end":{"line":105,"column":112}},"25":{"start":{"line":112,"column":36},"end":{"line":115,"column":42}},"26":{"start":{"line":132,"column":0},"end":{"line":137,"column":2}},"27":{"start":{"line":139,"column":24},"end":{"line":141,"column":2}}},"fnMap":{"0":{"name":"(anonymous_0)","decl":{"start":{"line":17,"column":31},"end":{"line":17,"column":32}},"loc":{"start":{"line":17,"column":74},"end":{"line":130,"column":1}},"line":17},"1":{"name":"(anonymous_1)","decl":{"start":{"line":23,"column":26},"end":{"line":23,"column":27}},"loc":{"start":{"line":23,"column":42},"end":{"line":47,"column":5}},"line":23},"2":{"name":"(anonymous_2)","decl":{"start":{"line":49,"column":28},"end":{"line":49,"column":29}},"loc":{"start":{"line":49,"column":43},"end":{"line":54,"column":5}},"line":49},"3":{"name":"(anonymous_3)","decl":{"start":{"line":50,"column":56},"end":{"line":50,"column":57}},"loc":{"start":{"line":50,"column":62},"end":{"line":53,"column":9}},"line":50},"4":{"name":"(anonymous_4)","decl":{"start":{"line":56,"column":14},"end":{"line":56,"column":15}},"loc":{"start":{"line":56,"column":20},"end":{"line":60,"column":5}},"line":56},"5":{"name":"(anonymous_5)","decl":{"start":{"line":61,"column":14},"end":{"line":61,"column":15}},"loc":{"start":{"line":61,"column":20},"end":{"line":63,"column":5}},"line":61},"6":{"name":"(anonymous_6)","decl":{"start":{"line":68,"column":61},"end":{"line":68,"column":62}},"loc":{"start":{"line":68,"column":67},"end":{"line":68,"column":89}},"line":68},"7":{"name":"(anonymous_7)","decl":{"start":{"line":104,"column":68},"end":{"line":104,"column":69}},"loc":{"start":{"line":104,"column":74},"end":{"line":104,"column":95}},"line":104},"8":{"name":"(anonymous_8)","decl":{"start":{"line":105,"column":84},"end":{"line":105,"column":85}},"loc":{"start":{"line":105,"column":90},"end":{"line":105,"column":112}},"line":105},"9":{"name":"(anonymous_9)","decl":{"start":{"line":111,"column":58},"end":{"line":111,"column":59}},"loc":{"start":{"line":112,"column":36},"end":{"line":115,"column":42}},"line":112}},"branchMap":{"0":{"loc":{"start":{"line":24,"column":8},"end":{"line":46,"column":9}},"type":"switch","locations":[{"start":{"line":25,"column":12},"end":{"line":31,"column":22}},{"start":{"line":32,"column":12},"end":{"line":38,"column":22}},{"start":{"line":39,"column":12},"end":{"line":45,"column":22}}],"line":24},"1":{"loc":{"start":{"line":51,"column":26},"end":{"line":51,"column":57}},"type":"cond-expr","locations":[{"start":{"line":51,"column":38},"end":{"line":51,"column":46}},{"start":{"line":51,"column":49},"end":{"line":51,"column":57}}],"line":51},"2":{"loc":{"start":{"line":57,"column":8},"end":{"line":59,"column":9}},"type":"if","locations":[{"start":{"line":57,"column":8},"end":{"line":59,"column":9}},{"start":{},"end":{}}],"line":57},"3":{"loc":{"start":{"line":92,"column":25},"end":{"line":95,"column":115}},"type":"cond-expr","locations":[{"start":{"line":92,"column":76},"end":{"line":95,"column":27}},{"start":{"line":95,"column":30},"end":{"line":95,"column":115}}],"line":92},"4":{"loc":{"start":{"line":103,"column":21},"end":{"line":106,"column":26}},"type":"binary-expr","locations":[{"start":{"line":103,"column":22},"end":{"line":103,"column":32}},{"start":{"line":103,"column":36},"end":{"line":103,"column":64}},{"start":{"line":103,"column":69},"end":{"line":106,"column":26}}],"line":103},"5":{"loc":{"start":{"line":110,"column":29},"end":{"line":120,"column":38}},"type":"cond-expr","locations":[{"start":{"line":111,"column":32},"end":{"line":116,"column":33}},{"start":{"line":118,"column":32},"end":{"line":120,"column":38}}],"line":110}},"s":{"0":1,"1":0,"2":0,"3":0,"4":0,"5":0,"6":0,"7":0,"8":0,"9":0,"10":0,"11":0,"12":0,"13":0,"14":0,"15":0,"16":0,"17":0,"18":0,"19":0,"20":0,"21":0,"22":0,"23":0,"24":0,"25":0,"26":1,"27":1},"f":{"0":0,"1":0,"2":0,"3":0,"4":0,"5":0,"6":0,"7":0,"8":0,"9":0},"b":{"0":[0,0,0],"1":[0,0],"2":[0,0],"3":[0,0],"4":[0,0,0],"5":[0,0]},"_coverageSchema":"1a1c01bbd47fc00a2c39e90264f33305004495a9","hash":"a1e5746e3d47568471c9aa73f65b037382137bf3"}
,"D:\\Programing Projects\\travel-dulu\\client\\src\\pages\\Coupons\\index.jsx": {"path":"D:\\Programing Projects\\travel-dulu\\client\\src\\pages\\Coupons\\index.jsx","statementMap":{"0":{"start":{"line":15,"column":16},"end":{"line":59,"column":1}},"1":{"start":{"line":16,"column":21},"end":{"line":16,"column":34}},"2":{"start":{"line":18,"column":56},"end":{"line":18,"column":71}},"3":{"start":{"line":20,"column":32},"end":{"line":25,"column":5}},"4":{"start":{"line":21,"column":8},"end":{"line":23,"column":9}},"5":{"start":{"line":22,"column":12},"end":{"line":22,"column":39}},"6":{"start":{"line":24,"column":8},"end":{"line":24,"column":37}},"7":{"start":{"line":27,"column":27},"end":{"line":31,"column":5}},"8":{"start":{"line":28,"column":8},"end":{"line":30,"column":12}},"9":{"start":{"line":29,"column":12},"end":{"line":29,"column":39}},"10":{"start":{"line":33,"column":4},"end":{"line":35,"column":11}},"11":{"start":{"line":34,"column":8},"end":{"line":34,"column":35}},"12":{"start":{"line":37,"column":4},"end":{"line":58,"column":6}},"13":{"start":{"line":41,"column":66},"end":{"line":41,"column":93}},"14":{"start":{"line":46,"column":24},"end":{"line":46,"column":96}},"15":{"start":{"line":54,"column":66},"end":{"line":54,"column":92}},"16":{"start":{"line":61,"column":0},"end":{"line":63,"column":1}},"17":{"start":{"line":65,"column":24},"end":{"line":67,"column":2}}},"fnMap":{"0":{"name":"(anonymous_0)","decl":{"start":{"line":15,"column":16},"end":{"line":15,"column":17}},"loc":{"start":{"line":15,"column":37},"end":{"line":59,"column":1}},"line":15},"1":{"name":"(anonymous_1)","decl":{"start":{"line":20,"column":32},"end":{"line":20,"column":33}},"loc":{"start":{"line":20,"column":47},"end":{"line":25,"column":5}},"line":20},"2":{"name":"(anonymous_2)","decl":{"start":{"line":27,"column":27},"end":{"line":27,"column":28}},"loc":{"start":{"line":27,"column":35},"end":{"line":31,"column":5}},"line":27},"3":{"name":"(anonymous_3)","decl":{"start":{"line":28,"column":36},"end":{"line":28,"column":37}},"loc":{"start":{"line":28,"column":42},"end":{"line":30,"column":9}},"line":28},"4":{"name":"(anonymous_4)","decl":{"start":{"line":33,"column":14},"end":{"line":33,"column":15}},"loc":{"start":{"line":33,"column":20},"end":{"line":35,"column":5}},"line":33},"5":{"name":"(anonymous_5)","decl":{"start":{"line":41,"column":60},"end":{"line":41,"column":61}},"loc":{"start":{"line":41,"column":66},"end":{"line":41,"column":93}},"line":41},"6":{"name":"(anonymous_6)","decl":{"start":{"line":45,"column":38},"end":{"line":45,"column":39}},"loc":{"start":{"line":46,"column":24},"end":{"line":46,"column":96}},"line":46},"7":{"name":"(anonymous_7)","decl":{"start":{"line":54,"column":60},"end":{"line":54,"column":61}},"loc":{"start":{"line":54,"column":66},"end":{"line":54,"column":92}},"line":54}},"branchMap":{"0":{"loc":{"start":{"line":21,"column":8},"end":{"line":23,"column":9}},"type":"if","locations":[{"start":{"line":21,"column":8},"end":{"line":23,"column":9}},{"start":{},"end":{}}],"line":21},"1":{"loc":{"start":{"line":43,"column":13},"end":{"line":52,"column":22}},"type":"cond-expr","locations":[{"start":{"line":44,"column":16},"end":{"line":48,"column":22}},{"start":{"line":50,"column":16},"end":{"line":52,"column":22}}],"line":43}},"s":{"0":1,"1":2,"2":2,"3":2,"4":0,"5":0,"6":0,"7":2,"8":0,"9":0,"10":2,"11":2,"12":2,"13":0,"14":0,"15":0,"16":1,"17":1},"f":{"0":2,"1":0,"2":0,"3":0,"4":2,"5":0,"6":0,"7":0},"b":{"0":[0,0],"1":[0,2]},"_coverageSchema":"1a1c01bbd47fc00a2c39e90264f33305004495a9","hash":"aebda5a0eb0e0e9dc06501f2e2edb66d1665c6e4"}
,"D:\\Programing Projects\\travel-dulu\\client\\src\\pages\\Coupons\\selectors.js": {"path":"D:\\Programing Projects\\travel-dulu\\client\\src\\pages\\Coupons\\selectors.js","statementMap":{"0":{"start":{"line":4,"column":27},"end":{"line":4,"column":67}},"1":{"start":{"line":4,"column":38},"end":{"line":4,"column":67}},"2":{"start":{"line":6,"column":37},"end":{"line":6,"column":101}},"3":{"start":{"line":6,"column":83},"end":{"line":6,"column":100}}},"fnMap":{"0":{"name":"(anonymous_0)","decl":{"start":{"line":4,"column":27},"end":{"line":4,"column":28}},"loc":{"start":{"line":4,"column":38},"end":{"line":4,"column":67}},"line":4},"1":{"name":"(anonymous_1)","decl":{"start":{"line":6,"column":72},"end":{"line":6,"column":73}},"loc":{"start":{"line":6,"column":83},"end":{"line":6,"column":100}},"line":6}},"branchMap":{"0":{"loc":{"start":{"line":4,"column":38},"end":{"line":4,"column":67}},"type":"binary-expr","locations":[{"start":{"line":4,"column":38},"end":{"line":4,"column":51}},{"start":{"line":4,"column":55},"end":{"line":4,"column":67}}],"line":4}},"s":{"0":1,"1":3,"2":1,"3":1},"f":{"0":3,"1":1},"b":{"0":[3,0]},"_coverageSchema":"1a1c01bbd47fc00a2c39e90264f33305004495a9","hash":"54b4d0f813a79abd2bdb394f8edece4bea31ad2f"}
,"D:\\Programing Projects\\travel-dulu\\client\\src\\pages\\Coupons\\components\\CouponsCard.jsx": {"path":"D:\\Programing Projects\\travel-dulu\\client\\src\\pages\\Coupons\\components\\CouponsCard.jsx","statementMap":{"0":{"start":{"line":12,"column":20},"end":{"line":28,"column":1}},"1":{"start":{"line":14,"column":4},"end":{"line":27,"column":6}},"2":{"start":{"line":18,"column":82},"end":{"line":18,"column":100}},"3":{"start":{"line":30,"column":0},"end":{"line":32,"column":1}}},"fnMap":{"0":{"name":"(anonymous_0)","decl":{"start":{"line":12,"column":20},"end":{"line":12,"column":21}},"loc":{"start":{"line":12,"column":44},"end":{"line":28,"column":1}},"line":12},"1":{"name":"(anonymous_1)","decl":{"start":{"line":18,"column":76},"end":{"line":18,"column":77}},"loc":{"start":{"line":18,"column":82},"end":{"line":18,"column":100}},"line":18}},"branchMap":{},"s":{"0":1,"1":0,"2":0,"3":1},"f":{"0":0,"1":0},"b":{},"_coverageSchema":"1a1c01bbd47fc00a2c39e90264f33305004495a9","hash":"f18ae9af6f13a7ba6a84b308fdda9a67b6105d86"}
,"D:\\Programing Projects\\travel-dulu\\client\\src\\pages\\Coupons\\components\\CreateNewCoupons.jsx": {"path":"D:\\Programing Projects\\travel-dulu\\client\\src\\pages\\Coupons\\components\\CreateNewCoupons.jsx","statementMap":{"0":{"start":{"line":13,"column":24},"end":{"line":49,"column":1}},"1":{"start":{"line":14,"column":21},"end":{"line":14,"column":34}},"2":{"start":{"line":15,"column":17},"end":{"line":15,"column":26}},"3":{"start":{"line":17,"column":28},"end":{"line":17,"column":40}},"4":{"start":{"line":18,"column":36},"end":{"line":18,"column":47}},"5":{"start":{"line":20,"column":27},"end":{"line":32,"column":5}},"6":{"start":{"line":21,"column":8},"end":{"line":27,"column":9}},"7":{"start":{"line":22,"column":12},"end":{"line":22,"column":133}},"8":{"start":{"line":23,"column":12},"end":{"line":23,"column":19}},"9":{"start":{"line":24,"column":15},"end":{"line":27,"column":9}},"10":{"start":{"line":25,"column":12},"end":{"line":25,"column":137}},"11":{"start":{"line":26,"column":12},"end":{"line":26,"column":19}},"12":{"start":{"line":29,"column":8},"end":{"line":31,"column":11}},"13":{"start":{"line":30,"column":12},"end":{"line":30,"column":26}},"14":{"start":{"line":34,"column":4},"end":{"line":48,"column":6}},"15":{"start":{"line":38,"column":82},"end":{"line":38,"column":96}},"16":{"start":{"line":43,"column":61},"end":{"line":43,"column":84}},"17":{"start":{"line":45,"column":75},"end":{"line":45,"column":102}},"18":{"start":{"line":51,"column":0},"end":{"line":53,"column":1}}},"fnMap":{"0":{"name":"(anonymous_0)","decl":{"start":{"line":13,"column":24},"end":{"line":13,"column":25}},"loc":{"start":{"line":13,"column":41},"end":{"line":49,"column":1}},"line":13},"1":{"name":"(anonymous_1)","decl":{"start":{"line":20,"column":27},"end":{"line":20,"column":28}},"loc":{"start":{"line":20,"column":33},"end":{"line":32,"column":5}},"line":20},"2":{"name":"(anonymous_2)","decl":{"start":{"line":29,"column":51},"end":{"line":29,"column":52}},"loc":{"start":{"line":29,"column":57},"end":{"line":31,"column":9}},"line":29},"3":{"name":"(anonymous_3)","decl":{"start":{"line":38,"column":76},"end":{"line":38,"column":77}},"loc":{"start":{"line":38,"column":82},"end":{"line":38,"column":96}},"line":38},"4":{"name":"(anonymous_4)","decl":{"start":{"line":43,"column":54},"end":{"line":43,"column":55}},"loc":{"start":{"line":43,"column":61},"end":{"line":43,"column":84}},"line":43},"5":{"name":"(anonymous_5)","decl":{"start":{"line":45,"column":68},"end":{"line":45,"column":69}},"loc":{"start":{"line":45,"column":75},"end":{"line":45,"column":102}},"line":45}},"branchMap":{"0":{"loc":{"start":{"line":21,"column":8},"end":{"line":27,"column":9}},"type":"if","locations":[{"start":{"line":21,"column":8},"end":{"line":27,"column":9}},{"start":{"line":24,"column":15},"end":{"line":27,"column":9}}],"line":21},"1":{"loc":{"start":{"line":21,"column":11},"end":{"line":21,"column":47}},"type":"binary-expr","locations":[{"start":{"line":21,"column":11},"end":{"line":21,"column":26}},{"start":{"line":21,"column":30},"end":{"line":21,"column":47}}],"line":21},"2":{"loc":{"start":{"line":24,"column":15},"end":{"line":27,"column":9}},"type":"if","locations":[{"start":{"line":24,"column":15},"end":{"line":27,"column":9}},{"start":{},"end":{}}],"line":24},"3":{"loc":{"start":{"line":24,"column":19},"end":{"line":24,"column":55}},"type":"binary-expr","locations":[{"start":{"line":24,"column":19},"end":{"line":24,"column":34}},{"start":{"line":24,"column":38},"end":{"line":24,"column":55}}],"line":24}},"s":{"0":1,"1":0,"2":0,"3":0,"4":0,"5":0,"6":0,"7":0,"8":0,"9":0,"10":0,"11":0,"12":0,"13":0,"14":0,"15":0,"16":0,"17":0,"18":1},"f":{"0":0,"1":0,"2":0,"3":0,"4":0,"5":0},"b":{"0":[0,0],"1":[0,0],"2":[0,0],"3":[0,0]},"_coverageSchema":"1a1c01bbd47fc00a2c39e90264f33305004495a9","hash":"9b899f82b2448f8d66a61d1ec3fc8b3696016529"}
,"D:\\Programing Projects\\travel-dulu\\client\\src\\pages\\Home\\index.jsx": {"path":"D:\\Programing Projects\\travel-dulu\\client\\src\\pages\\Home\\index.jsx","statementMap":{"0":{"start":{"line":16,"column":13},"end":{"line":80,"column":1}},"1":{"start":{"line":17,"column":19},"end":{"line":17,"column":32}},"2":{"start":{"line":18,"column":15},"end":{"line":18,"column":24}},"3":{"start":{"line":19,"column":19},"end":{"line":19,"column":32}},"4":{"start":{"line":21,"column":26},"end":{"line":21,"column":38}},"5":{"start":{"line":22,"column":30},"end":{"line":22,"column":42}},"6":{"start":{"line":23,"column":38},"end":{"line":23,"column":53}},"7":{"start":{"line":24,"column":32},"end":{"line":24,"column":46}},"8":{"start":{"line":26,"column":27},"end":{"line":36,"column":3}},"9":{"start":{"line":27,"column":17},"end":{"line":27,"column":45}},"10":{"start":{"line":29,"column":4},"end":{"line":35,"column":5}},"11":{"start":{"line":30,"column":6},"end":{"line":30,"column":26}},"12":{"start":{"line":31,"column":6},"end":{"line":31,"column":81}},"13":{"start":{"line":33,"column":6},"end":{"line":33,"column":27}},"14":{"start":{"line":34,"column":6},"end":{"line":34,"column":79}},"15":{"start":{"line":38,"column":2},"end":{"line":42,"column":16}},"16":{"start":{"line":39,"column":4},"end":{"line":41,"column":5}},"17":{"start":{"line":40,"column":6},"end":{"line":40,"column":23}},"18":{"start":{"line":43,"column":2},"end":{"line":45,"column":17}},"19":{"start":{"line":44,"column":4},"end":{"line":44,"column":23}},"20":{"start":{"line":46,"column":2},"end":{"line":55,"column":15}},"21":{"start":{"line":47,"column":4},"end":{"line":49,"column":5}},"22":{"start":{"line":48,"column":6},"end":{"line":48,"column":28}},"23":{"start":{"line":51,"column":4},"end":{"line":54,"column":13}},"24":{"start":{"line":52,"column":6},"end":{"line":52,"column":25}},"25":{"start":{"line":53,"column":6},"end":{"line":53,"column":23}},"26":{"start":{"line":57,"column":2},"end":{"line":79,"column":4}},"27":{"start":{"line":61,"column":58},"end":{"line":61,"column":85}},"28":{"start":{"line":65,"column":138},"end":{"line":65,"column":163}},"29":{"start":{"line":71,"column":14},"end":{"line":71,"column":83}},"30":{"start":{"line":82,"column":0},"end":{"line":85,"column":1}},"31":{"start":{"line":87,"column":24},"end":{"line":90,"column":2}}},"fnMap":{"0":{"name":"(anonymous_0)","decl":{"start":{"line":16,"column":13},"end":{"line":16,"column":14}},"loc":{"start":{"line":16,"column":40},"end":{"line":80,"column":1}},"line":16},"1":{"name":"(anonymous_1)","decl":{"start":{"line":26,"column":27},"end":{"line":26,"column":28}},"loc":{"start":{"line":26,"column":33},"end":{"line":36,"column":3}},"line":26},"2":{"name":"(anonymous_2)","decl":{"start":{"line":38,"column":12},"end":{"line":38,"column":13}},"loc":{"start":{"line":38,"column":18},"end":{"line":42,"column":3}},"line":38},"3":{"name":"(anonymous_3)","decl":{"start":{"line":43,"column":12},"end":{"line":43,"column":13}},"loc":{"start":{"line":43,"column":18},"end":{"line":45,"column":3}},"line":43},"4":{"name":"(anonymous_4)","decl":{"start":{"line":46,"column":12},"end":{"line":46,"column":13}},"loc":{"start":{"line":46,"column":18},"end":{"line":55,"column":3}},"line":46},"5":{"name":"(anonymous_5)","decl":{"start":{"line":51,"column":26},"end":{"line":51,"column":27}},"loc":{"start":{"line":51,"column":32},"end":{"line":54,"column":5}},"line":51},"6":{"name":"(anonymous_6)","decl":{"start":{"line":61,"column":52},"end":{"line":61,"column":53}},"loc":{"start":{"line":61,"column":58},"end":{"line":61,"column":85}},"line":61},"7":{"name":"(anonymous_7)","decl":{"start":{"line":65,"column":131},"end":{"line":65,"column":132}},"loc":{"start":{"line":65,"column":138},"end":{"line":65,"column":163}},"line":65},"8":{"name":"(anonymous_8)","decl":{"start":{"line":70,"column":22},"end":{"line":70,"column":23}},"loc":{"start":{"line":71,"column":14},"end":{"line":71,"column":83}},"line":71}},"branchMap":{"0":{"loc":{"start":{"line":29,"column":4},"end":{"line":35,"column":5}},"type":"if","locations":[{"start":{"line":29,"column":4},"end":{"line":35,"column":5}},{"start":{"line":32,"column":11},"end":{"line":35,"column":5}}],"line":29},"1":{"loc":{"start":{"line":29,"column":8},"end":{"line":29,"column":41}},"type":"binary-expr","locations":[{"start":{"line":29,"column":8},"end":{"line":29,"column":12}},{"start":{"line":29,"column":16},"end":{"line":29,"column":41}}],"line":29},"2":{"loc":{"start":{"line":31,"column":37},"end":{"line":31,"column":76}},"type":"binary-expr","locations":[{"start":{"line":31,"column":37},"end":{"line":31,"column":50}},{"start":{"line":31,"column":54},"end":{"line":31,"column":76}}],"line":31},"3":{"loc":{"start":{"line":34,"column":35},"end":{"line":34,"column":74}},"type":"binary-expr","locations":[{"start":{"line":34,"column":35},"end":{"line":34,"column":48}},{"start":{"line":34,"column":52},"end":{"line":34,"column":74}}],"line":34},"4":{"loc":{"start":{"line":39,"column":4},"end":{"line":41,"column":5}},"type":"if","locations":[{"start":{"line":39,"column":4},"end":{"line":41,"column":5}},{"start":{},"end":{}}],"line":39},"5":{"loc":{"start":{"line":47,"column":4},"end":{"line":49,"column":5}},"type":"if","locations":[{"start":{"line":47,"column":4},"end":{"line":49,"column":5}},{"start":{},"end":{}}],"line":47},"6":{"loc":{"start":{"line":60,"column":7},"end":{"line":62,"column":12}},"type":"binary-expr","locations":[{"start":{"line":60,"column":7},"end":{"line":60,"column":17}},{"start":{"line":60,"column":21},"end":{"line":62,"column":12}}],"line":60},"7":{"loc":{"start":{"line":68,"column":9},"end":{"line":76,"column":14}},"type":"cond-expr","locations":[{"start":{"line":68,"column":27},"end":{"line":74,"column":14}},{"start":{"line":74,"column":17},"end":{"line":76,"column":14}}],"line":68}},"s":{"0":1,"1":4,"2":4,"3":4,"4":4,"5":4,"6":4,"7":4,"8":4,"9":2,"10":2,"11":0,"12":0,"13":2,"14":2,"15":4,"16":2,"17":2,"18":4,"19":2,"20":4,"21":2,"22":0,"23":2,"24":0,"25":0,"26":4,"27":0,"28":0,"29":0,"30":1,"31":1},"f":{"0":4,"1":2,"2":2,"3":2,"4":2,"5":0,"6":0,"7":0,"8":0},"b":{"0":[0,2],"1":[2,0],"2":[0,0],"3":[2,0],"4":[2,0],"5":[0,2],"6":[4,0],"7":[0,4]},"_coverageSchema":"1a1c01bbd47fc00a2c39e90264f33305004495a9","hash":"9d0e9192f65b3d7970d34e8a914c0d807fc5c3d6"}
,"D:\\Programing Projects\\travel-dulu\\client\\src\\pages\\Home\\selectors.js": {"path":"D:\\Programing Projects\\travel-dulu\\client\\src\\pages\\Home\\selectors.js","statementMap":{"0":{"start":{"line":4,"column":23},"end":{"line":4,"column":60}},"1":{"start":{"line":4,"column":34},"end":{"line":4,"column":60}},"2":{"start":{"line":6,"column":32},"end":{"line":6,"column":88}},"3":{"start":{"line":6,"column":74},"end":{"line":6,"column":87}}},"fnMap":{"0":{"name":"(anonymous_0)","decl":{"start":{"line":4,"column":23},"end":{"line":4,"column":24}},"loc":{"start":{"line":4,"column":34},"end":{"line":4,"column":60}},"line":4},"1":{"name":"(anonymous_1)","decl":{"start":{"line":6,"column":63},"end":{"line":6,"column":64}},"loc":{"start":{"line":6,"column":74},"end":{"line":6,"column":87}},"line":6}},"branchMap":{"0":{"loc":{"start":{"line":4,"column":34},"end":{"line":4,"column":60}},"type":"binary-expr","locations":[{"start":{"line":4,"column":34},"end":{"line":4,"column":44}},{"start":{"line":4,"column":48},"end":{"line":4,"column":60}}],"line":4}},"s":{"0":1,"1":3,"2":1,"3":1},"f":{"0":3,"1":1},"b":{"0":[3,0]},"_coverageSchema":"1a1c01bbd47fc00a2c39e90264f33305004495a9","hash":"17f7d22df7b602126152733a4dee757fa6567c02"}
,"D:\\Programing Projects\\travel-dulu\\client\\src\\pages\\Login\\index.jsx": {"path":"D:\\Programing Projects\\travel-dulu\\client\\src\\pages\\Login\\index.jsx","statementMap":{"0":{"start":{"line":14,"column":14},"end":{"line":108,"column":1}},"1":{"start":{"line":15,"column":17},"end":{"line":15,"column":26}},"2":{"start":{"line":16,"column":21},"end":{"line":16,"column":34}},"3":{"start":{"line":17,"column":21},"end":{"line":17,"column":34}},"4":{"start":{"line":19,"column":30},"end":{"line":19,"column":42}},"5":{"start":{"line":20,"column":36},"end":{"line":20,"column":48}},"6":{"start":{"line":21,"column":52},"end":{"line":21,"column":67}},"7":{"start":{"line":22,"column":34},"end":{"line":22,"column":46}},"8":{"start":{"line":24,"column":22},"end":{"line":47,"column":5}},"9":{"start":{"line":25,"column":8},"end":{"line":25,"column":27}},"10":{"start":{"line":27,"column":8},"end":{"line":31,"column":9}},"11":{"start":{"line":28,"column":12},"end":{"line":28,"column":123}},"12":{"start":{"line":29,"column":12},"end":{"line":29,"column":19}},"13":{"start":{"line":33,"column":25},"end":{"line":36,"column":9}},"14":{"start":{"line":38,"column":8},"end":{"line":46,"column":12}},"15":{"start":{"line":39,"column":12},"end":{"line":39,"column":26}},"16":{"start":{"line":41,"column":12},"end":{"line":45,"column":13}},"17":{"start":{"line":42,"column":16},"end":{"line":42,"column":134}},"18":{"start":{"line":44,"column":16},"end":{"line":44,"column":38}},"19":{"start":{"line":49,"column":35},"end":{"line":64,"column":5}},"20":{"start":{"line":50,"column":8},"end":{"line":50,"column":27}},"21":{"start":{"line":52,"column":8},"end":{"line":52,"column":34}},"22":{"start":{"line":52,"column":27},"end":{"line":52,"column":34}},"23":{"start":{"line":54,"column":8},"end":{"line":57,"column":9}},"24":{"start":{"line":55,"column":12},"end":{"line":55,"column":123}},"25":{"start":{"line":56,"column":12},"end":{"line":56,"column":19}},"26":{"start":{"line":59,"column":8},"end":{"line":63,"column":11}},"27":{"start":{"line":60,"column":12},"end":{"line":60,"column":52}},"28":{"start":{"line":62,"column":12},"end":{"line":62,"column":140}},"29":{"start":{"line":66,"column":4},"end":{"line":68,"column":18}},"30":{"start":{"line":67,"column":8},"end":{"line":67,"column":35}},"31":{"start":{"line":67,"column":21},"end":{"line":67,"column":35}},"32":{"start":{"line":70,"column":4},"end":{"line":107,"column":6}},"33":{"start":{"line":77,"column":166},"end":{"line":77,"column":190}},"34":{"start":{"line":83,"column":79},"end":{"line":83,"column":105}},"35":{"start":{"line":91,"column":166},"end":{"line":91,"column":190}},"36":{"start":{"line":93,"column":175},"end":{"line":93,"column":202}},"37":{"start":{"line":95,"column":71},"end":{"line":95,"column":96}},"38":{"start":{"line":100,"column":46},"end":{"line":100,"column":67}},"39":{"start":{"line":110,"column":0},"end":{"line":112,"column":1}},"40":{"start":{"line":114,"column":24},"end":{"line":116,"column":2}}},"fnMap":{"0":{"name":"(anonymous_0)","decl":{"start":{"line":14,"column":14},"end":{"line":14,"column":15}},"loc":{"start":{"line":14,"column":31},"end":{"line":108,"column":1}},"line":14},"1":{"name":"(anonymous_1)","decl":{"start":{"line":24,"column":22},"end":{"line":24,"column":23}},"loc":{"start":{"line":24,"column":29},"end":{"line":47,"column":5}},"line":24},"2":{"name":"(anonymous_2)","decl":{"start":{"line":38,"column":41},"end":{"line":38,"column":42}},"loc":{"start":{"line":38,"column":47},"end":{"line":40,"column":9}},"line":38},"3":{"name":"(anonymous_3)","decl":{"start":{"line":40,"column":11},"end":{"line":40,"column":12}},"loc":{"start":{"line":40,"column":20},"end":{"line":46,"column":9}},"line":40},"4":{"name":"(anonymous_4)","decl":{"start":{"line":49,"column":35},"end":{"line":49,"column":36}},"loc":{"start":{"line":49,"column":42},"end":{"line":64,"column":5}},"line":49},"5":{"name":"(anonymous_5)","decl":{"start":{"line":59,"column":47},"end":{"line":59,"column":48}},"loc":{"start":{"line":59,"column":64},"end":{"line":61,"column":9}},"line":59},"6":{"name":"(anonymous_6)","decl":{"start":{"line":61,"column":11},"end":{"line":61,"column":12}},"loc":{"start":{"line":61,"column":17},"end":{"line":63,"column":9}},"line":61},"7":{"name":"(anonymous_7)","decl":{"start":{"line":66,"column":14},"end":{"line":66,"column":15}},"loc":{"start":{"line":66,"column":20},"end":{"line":68,"column":5}},"line":66},"8":{"name":"(anonymous_8)","decl":{"start":{"line":77,"column":159},"end":{"line":77,"column":160}},"loc":{"start":{"line":77,"column":166},"end":{"line":77,"column":190}},"line":77},"9":{"name":"(anonymous_9)","decl":{"start":{"line":83,"column":73},"end":{"line":83,"column":74}},"loc":{"start":{"line":83,"column":79},"end":{"line":83,"column":105}},"line":83},"10":{"name":"(anonymous_10)","decl":{"start":{"line":91,"column":159},"end":{"line":91,"column":160}},"loc":{"start":{"line":91,"column":166},"end":{"line":91,"column":190}},"line":91},"11":{"name":"(anonymous_11)","decl":{"start":{"line":93,"column":168},"end":{"line":93,"column":169}},"loc":{"start":{"line":93,"column":175},"end":{"line":93,"column":202}},"line":93},"12":{"name":"(anonymous_12)","decl":{"start":{"line":95,"column":65},"end":{"line":95,"column":66}},"loc":{"start":{"line":95,"column":71},"end":{"line":95,"column":96}},"line":95},"13":{"name":"(anonymous_13)","decl":{"start":{"line":100,"column":40},"end":{"line":100,"column":41}},"loc":{"start":{"line":100,"column":46},"end":{"line":100,"column":67}},"line":100}},"branchMap":{"0":{"loc":{"start":{"line":27,"column":8},"end":{"line":31,"column":9}},"type":"if","locations":[{"start":{"line":27,"column":8},"end":{"line":31,"column":9}},{"start":{},"end":{}}],"line":27},"1":{"loc":{"start":{"line":27,"column":12},"end":{"line":27,"column":43}},"type":"binary-expr","locations":[{"start":{"line":27,"column":12},"end":{"line":27,"column":24}},{"start":{"line":27,"column":28},"end":{"line":27,"column":43}}],"line":27},"2":{"loc":{"start":{"line":41,"column":12},"end":{"line":45,"column":13}},"type":"if","locations":[{"start":{"line":41,"column":12},"end":{"line":45,"column":13}},{"start":{"line":43,"column":19},"end":{"line":45,"column":13}}],"line":41},"3":{"loc":{"start":{"line":52,"column":8},"end":{"line":52,"column":34}},"type":"if","locations":[{"start":{"line":52,"column":8},"end":{"line":52,"column":34}},{"start":{},"end":{}}],"line":52},"4":{"loc":{"start":{"line":54,"column":8},"end":{"line":57,"column":9}},"type":"if","locations":[{"start":{"line":54,"column":8},"end":{"line":57,"column":9}},{"start":{},"end":{}}],"line":54},"5":{"loc":{"start":{"line":67,"column":8},"end":{"line":67,"column":35}},"type":"if","locations":[{"start":{"line":67,"column":8},"end":{"line":67,"column":35}},{"start":{},"end":{}}],"line":67},"6":{"loc":{"start":{"line":72,"column":13},"end":{"line":104,"column":22}},"type":"cond-expr","locations":[{"start":{"line":73,"column":16},"end":{"line":85,"column":22}},{"start":{"line":87,"column":16},"end":{"line":104,"column":22}}],"line":72},"7":{"loc":{"start":{"line":78,"column":25},"end":{"line":81,"column":30}},"type":"binary-expr","locations":[{"start":{"line":78,"column":25},"end":{"line":78,"column":39}},{"start":{"line":78,"column":43},"end":{"line":81,"column":30}}],"line":78},"8":{"loc":{"start":{"line":82,"column":25},"end":{"line":82,"column":146}},"type":"binary-expr","locations":[{"start":{"line":82,"column":25},"end":{"line":82,"column":39}},{"start":{"line":82,"column":43},"end":{"line":82,"column":146}}],"line":82}},"s":{"0":1,"1":2,"2":2,"3":2,"4":2,"5":2,"6":2,"7":2,"8":2,"9":0,"10":0,"11":0,"12":0,"13":0,"14":0,"15":0,"16":0,"17":0,"18":0,"19":2,"20":0,"21":0,"22":0,"23":0,"24":0,"25":0,"26":0,"27":0,"28":0,"29":2,"30":2,"31":0,"32":2,"33":0,"34":0,"35":0,"36":0,"37":0,"38":0,"39":1,"40":1},"f":{"0":2,"1":0,"2":0,"3":0,"4":0,"5":0,"6":0,"7":2,"8":0,"9":0,"10":0,"11":0,"12":0,"13":0},"b":{"0":[0,0],"1":[0,0],"2":[0,0],"3":[0,0],"4":[0,0],"5":[0,2],"6":[0,2],"7":[0,0],"8":[0,0]},"_coverageSchema":"1a1c01bbd47fc00a2c39e90264f33305004495a9","hash":"e9e9b8209b384916fdd15afa97812cb2ee47d1f5"}
,"D:\\Programing Projects\\travel-dulu\\client\\src\\pages\\Register\\index.jsx": {"path":"D:\\Programing Projects\\travel-dulu\\client\\src\\pages\\Register\\index.jsx","statementMap":{"0":{"start":{"line":14,"column":17},"end":{"line":106,"column":1}},"1":{"start":{"line":15,"column":17},"end":{"line":15,"column":26}},"2":{"start":{"line":16,"column":21},"end":{"line":16,"column":34}},"3":{"start":{"line":17,"column":21},"end":{"line":17,"column":34}},"4":{"start":{"line":19,"column":36},"end":{"line":19,"column":48}},"5":{"start":{"line":20,"column":30},"end":{"line":20,"column":42}},"6":{"start":{"line":21,"column":36},"end":{"line":21,"column":48}},"7":{"start":{"line":22,"column":26},"end":{"line":22,"column":38}},"8":{"start":{"line":23,"column":28},"end":{"line":23,"column":40}},"9":{"start":{"line":25,"column":25},"end":{"line":71,"column":5}},"10":{"start":{"line":26,"column":8},"end":{"line":26,"column":27}},"11":{"start":{"line":28,"column":8},"end":{"line":52,"column":9}},"12":{"start":{"line":29,"column":12},"end":{"line":29,"column":138}},"13":{"start":{"line":30,"column":12},"end":{"line":30,"column":19}},"14":{"start":{"line":32,"column":15},"end":{"line":52,"column":9}},"15":{"start":{"line":33,"column":12},"end":{"line":33,"column":133}},"16":{"start":{"line":34,"column":12},"end":{"line":34,"column":19}},"17":{"start":{"line":36,"column":15},"end":{"line":52,"column":9}},"18":{"start":{"line":37,"column":12},"end":{"line":37,"column":137}},"19":{"start":{"line":38,"column":12},"end":{"line":38,"column":19}},"20":{"start":{"line":40,"column":15},"end":{"line":52,"column":9}},"21":{"start":{"line":41,"column":12},"end":{"line":41,"column":135}},"22":{"start":{"line":42,"column":12},"end":{"line":42,"column":19}},"23":{"start":{"line":44,"column":15},"end":{"line":52,"column":9}},"24":{"start":{"line":45,"column":12},"end":{"line":45,"column":138}},"25":{"start":{"line":46,"column":12},"end":{"line":46,"column":19}},"26":{"start":{"line":48,"column":15},"end":{"line":52,"column":9}},"27":{"start":{"line":49,"column":12},"end":{"line":49,"column":133}},"28":{"start":{"line":50,"column":12},"end":{"line":50,"column":19}},"29":{"start":{"line":54,"column":25},"end":{"line":60,"column":9}},"30":{"start":{"line":62,"column":8},"end":{"line":70,"column":12}},"31":{"start":{"line":63,"column":12},"end":{"line":63,"column":31}},"32":{"start":{"line":65,"column":12},"end":{"line":69,"column":13}},"33":{"start":{"line":66,"column":16},"end":{"line":66,"column":138}},"34":{"start":{"line":68,"column":16},"end":{"line":68,"column":38}},"35":{"start":{"line":73,"column":4},"end":{"line":75,"column":18}},"36":{"start":{"line":74,"column":8},"end":{"line":74,"column":35}},"37":{"start":{"line":74,"column":21},"end":{"line":74,"column":35}},"38":{"start":{"line":77,"column":4},"end":{"line":105,"column":6}},"39":{"start":{"line":83,"column":170},"end":{"line":83,"column":197}},"40":{"start":{"line":85,"column":91},"end":{"line":85,"column":113}},"41":{"start":{"line":87,"column":165},"end":{"line":87,"column":189}},"42":{"start":{"line":89,"column":174},"end":{"line":89,"column":201}},"43":{"start":{"line":91,"column":93},"end":{"line":91,"column":116}},"44":{"start":{"line":99,"column":42},"end":{"line":99,"column":60}},"45":{"start":{"line":108,"column":0},"end":{"line":110,"column":1}},"46":{"start":{"line":112,"column":24},"end":{"line":114,"column":2}}},"fnMap":{"0":{"name":"(anonymous_0)","decl":{"start":{"line":14,"column":17},"end":{"line":14,"column":18}},"loc":{"start":{"line":14,"column":34},"end":{"line":106,"column":1}},"line":14},"1":{"name":"(anonymous_1)","decl":{"start":{"line":25,"column":25},"end":{"line":25,"column":26}},"loc":{"start":{"line":25,"column":32},"end":{"line":71,"column":5}},"line":25},"2":{"name":"(anonymous_2)","decl":{"start":{"line":62,"column":44},"end":{"line":62,"column":45}},"loc":{"start":{"line":62,"column":50},"end":{"line":64,"column":9}},"line":62},"3":{"name":"(anonymous_3)","decl":{"start":{"line":64,"column":11},"end":{"line":64,"column":12}},"loc":{"start":{"line":64,"column":20},"end":{"line":70,"column":9}},"line":64},"4":{"name":"(anonymous_4)","decl":{"start":{"line":73,"column":14},"end":{"line":73,"column":15}},"loc":{"start":{"line":73,"column":20},"end":{"line":75,"column":5}},"line":73},"5":{"name":"(anonymous_5)","decl":{"start":{"line":83,"column":163},"end":{"line":83,"column":164}},"loc":{"start":{"line":83,"column":170},"end":{"line":83,"column":197}},"line":83},"6":{"name":"(anonymous_6)","decl":{"start":{"line":85,"column":84},"end":{"line":85,"column":85}},"loc":{"start":{"line":85,"column":91},"end":{"line":85,"column":113}},"line":85},"7":{"name":"(anonymous_7)","decl":{"start":{"line":87,"column":158},"end":{"line":87,"column":159}},"loc":{"start":{"line":87,"column":165},"end":{"line":87,"column":189}},"line":87},"8":{"name":"(anonymous_8)","decl":{"start":{"line":89,"column":167},"end":{"line":89,"column":168}},"loc":{"start":{"line":89,"column":174},"end":{"line":89,"column":201}},"line":89},"9":{"name":"(anonymous_9)","decl":{"start":{"line":91,"column":86},"end":{"line":91,"column":87}},"loc":{"start":{"line":91,"column":93},"end":{"line":91,"column":116}},"line":91},"10":{"name":"(anonymous_10)","decl":{"start":{"line":99,"column":36},"end":{"line":99,"column":37}},"loc":{"start":{"line":99,"column":42},"end":{"line":99,"column":60}},"line":99}},"branchMap":{"0":{"loc":{"start":{"line":28,"column":8},"end":{"line":52,"column":9}},"type":"if","locations":[{"start":{"line":28,"column":8},"end":{"line":52,"column":9}},{"start":{"line":32,"column":15},"end":{"line":52,"column":9}}],"line":28},"1":{"loc":{"start":{"line":28,"column":12},"end":{"line":28,"column":56}},"type":"binary-expr","locations":[{"start":{"line":28,"column":12},"end":{"line":28,"column":31}},{"start":{"line":28,"column":35},"end":{"line":28,"column":56}}],"line":28},"2":{"loc":{"start":{"line":32,"column":15},"end":{"line":52,"column":9}},"type":"if","locations":[{"start":{"line":32,"column":15},"end":{"line":52,"column":9}},{"start":{"line":36,"column":15},"end":{"line":52,"column":9}}],"line":32},"3":{"loc":{"start":{"line":36,"column":15},"end":{"line":52,"column":9}},"type":"if","locations":[{"start":{"line":36,"column":15},"end":{"line":52,"column":9}},{"start":{"line":40,"column":15},"end":{"line":52,"column":9}}],"line":36},"4":{"loc":{"start":{"line":40,"column":15},"end":{"line":52,"column":9}},"type":"if","locations":[{"start":{"line":40,"column":15},"end":{"line":52,"column":9}},{"start":{"line":44,"column":15},"end":{"line":52,"column":9}}],"line":40},"5":{"loc":{"start":{"line":44,"column":15},"end":{"line":52,"column":9}},"type":"if","locations":[{"start":{"line":44,"column":15},"end":{"line":52,"column":9}},{"start":{"line":48,"column":15},"end":{"line":52,"column":9}}],"line":44},"6":{"loc":{"start":{"line":44,"column":19},"end":{"line":44,"column":62}},"type":"binary-expr","locations":[{"start":{"line":44,"column":19},"end":{"line":44,"column":38}},{"start":{"line":44,"column":42},"end":{"line":44,"column":62}}],"line":44},"7":{"loc":{"start":{"line":48,"column":15},"end":{"line":52,"column":9}},"type":"if","locations":[{"start":{"line":48,"column":15},"end":{"line":52,"column":9}},{"start":{},"end":{}}],"line":48},"8":{"loc":{"start":{"line":65,"column":12},"end":{"line":69,"column":13}},"type":"if","locations":[{"start":{"line":65,"column":12},"end":{"line":69,"column":13}},{"start":{"line":67,"column":19},"end":{"line":69,"column":13}}],"line":65},"9":{"loc":{"start":{"line":74,"column":8},"end":{"line":74,"column":35}},"type":"if","locations":[{"start":{"line":74,"column":8},"end":{"line":74,"column":35}},{"start":{},"end":{}}],"line":74}},"s":{"0":1,"1":2,"2":2,"3":2,"4":2,"5":2,"6":2,"7":2,"8":2,"9":2,"10":0,"11":0,"12":0,"13":0,"14":0,"15":0,"16":0,"17":0,"18":0,"19":0,"20":0,"21":0,"22":0,"23":0,"24":0,"25":0,"26":0,"27":0,"28":0,"29":0,"30":0,"31":0,"32":0,"33":0,"34":0,"35":2,"36":2,"37":0,"38":2,"39":0,"40":0,"41":0,"42":0,"43":0,"44":0,"45":1,"46":1},"f":{"0":2,"1":0,"2":0,"3":0,"4":2,"5":0,"6":0,"7":0,"8":0,"9":0,"10":0},"b":{"0":[0,0],"1":[0,0],"2":[0,0],"3":[0,0],"4":[0,0],"5":[0,0],"6":[0,0],"7":[0,0],"8":[0,0],"9":[0,2]},"_coverageSchema":"1a1c01bbd47fc00a2c39e90264f33305004495a9","hash":"ba08cec2bf7ae1a2525a7d0fcb50f67a4839231c"}
,"D:\\Programing Projects\\travel-dulu\\client\\src\\utils\\allUtils.js": {"path":"D:\\Programing Projects\\travel-dulu\\client\\src\\utils\\allUtils.js","statementMap":{"0":{"start":{"line":4,"column":22},"end":{"line":4,"column":37}},"1":{"start":{"line":6,"column":30},"end":{"line":6,"column":83}},"2":{"start":{"line":6,"column":40},"end":{"line":6,"column":83}},"3":{"start":{"line":7,"column":30},"end":{"line":7,"column":107}},"4":{"start":{"line":7,"column":40},"end":{"line":7,"column":107}},"5":{"start":{"line":8,"column":34},"end":{"line":15,"column":1}},"6":{"start":{"line":9,"column":4},"end":{"line":14,"column":5}},"7":{"start":{"line":10,"column":8},"end":{"line":10,"column":48}},"8":{"start":{"line":12,"column":8},"end":{"line":12,"column":67}},"9":{"start":{"line":13,"column":8},"end":{"line":13,"column":20}},"10":{"start":{"line":16,"column":33},"end":{"line":16,"column":112}},"11":{"start":{"line":16,"column":44},"end":{"line":16,"column":112}}},"fnMap":{"0":{"name":"(anonymous_0)","decl":{"start":{"line":6,"column":30},"end":{"line":6,"column":31}},"loc":{"start":{"line":6,"column":40},"end":{"line":6,"column":83}},"line":6},"1":{"name":"(anonymous_1)","decl":{"start":{"line":7,"column":30},"end":{"line":7,"column":31}},"loc":{"start":{"line":7,"column":40},"end":{"line":7,"column":107}},"line":7},"2":{"name":"(anonymous_2)","decl":{"start":{"line":8,"column":34},"end":{"line":8,"column":35}},"loc":{"start":{"line":8,"column":44},"end":{"line":15,"column":1}},"line":8},"3":{"name":"(anonymous_3)","decl":{"start":{"line":16,"column":33},"end":{"line":16,"column":34}},"loc":{"start":{"line":16,"column":44},"end":{"line":16,"column":112}},"line":16}},"branchMap":{"0":{"loc":{"start":{"line":7,"column":40},"end":{"line":7,"column":107}},"type":"cond-expr","locations":[{"start":{"line":7,"column":47},"end":{"line":7,"column":100}},{"start":{"line":7,"column":103},"end":{"line":7,"column":107}}],"line":7},"1":{"loc":{"start":{"line":16,"column":44},"end":{"line":16,"column":112}},"type":"cond-expr","locations":[{"start":{"line":16,"column":52},"end":{"line":16,"column":106}},{"start":{"line":16,"column":109},"end":{"line":16,"column":112}}],"line":16}},"s":{"0":9,"1":9,"2":0,"3":9,"4":2,"5":9,"6":2,"7":2,"8":0,"9":0,"10":9,"11":6},"f":{"0":0,"1":2,"2":2,"3":6},"b":{"0":[0,2],"1":[5,1]},"_coverageSchema":"1a1c01bbd47fc00a2c39e90264f33305004495a9","hash":"f7de4ed36a67012b7968ecf8c1893f95db4a9451"}
,"D:\\Programing Projects\\travel-dulu\\client\\src\\utils\\request.js": {"path":"D:\\Programing Projects\\travel-dulu\\client\\src\\utils\\request.js","statementMap":{"0":{"start":{"line":5,"column":0},"end":{"line":12,"column":3}},"1":{"start":{"line":6,"column":16},"end":{"line":6,"column":32}},"2":{"start":{"line":7,"column":20},"end":{"line":7,"column":32}},"3":{"start":{"line":8,"column":2},"end":{"line":10,"column":3}},"4":{"start":{"line":9,"column":4},"end":{"line":9,"column":56}},"5":{"start":{"line":11,"column":2},"end":{"line":11,"column":19}},"6":{"start":{"line":14,"column":0},"end":{"line":17,"column":2}},"7":{"start":{"line":15,"column":16},"end":{"line":15,"column":24}},"8":{"start":{"line":16,"column":13},"end":{"line":16,"column":34}},"9":{"start":{"line":19,"column":16},"end":{"line":19,"column":43}},"10":{"start":{"line":19,"column":29},"end":{"line":19,"column":43}}},"fnMap":{"0":{"name":"(anonymous_0)","decl":{"start":{"line":5,"column":31},"end":{"line":5,"column":32}},"loc":{"start":{"line":5,"column":46},"end":{"line":12,"column":1}},"line":5},"1":{"name":"(anonymous_1)","decl":{"start":{"line":15,"column":2},"end":{"line":15,"column":3}},"loc":{"start":{"line":15,"column":16},"end":{"line":15,"column":24}},"line":15},"2":{"name":"(anonymous_2)","decl":{"start":{"line":16,"column":2},"end":{"line":16,"column":3}},"loc":{"start":{"line":16,"column":13},"end":{"line":16,"column":34}},"line":16},"3":{"name":"(anonymous_3)","decl":{"start":{"line":19,"column":16},"end":{"line":19,"column":17}},"loc":{"start":{"line":19,"column":29},"end":{"line":19,"column":43}},"line":19}},"branchMap":{"0":{"loc":{"start":{"line":8,"column":2},"end":{"line":10,"column":3}},"type":"if","locations":[{"start":{"line":8,"column":2},"end":{"line":10,"column":3}},{"start":{},"end":{}}],"line":8}},"s":{"0":9,"1":6,"2":6,"3":6,"4":0,"5":6,"6":9,"7":0,"8":0,"9":9,"10":6},"f":{"0":6,"1":0,"2":0,"3":6},"b":{"0":[0,6]},"_coverageSchema":"1a1c01bbd47fc00a2c39e90264f33305004495a9","hash":"306776e2a7df8890d7e0f83173abad2104a2841e"}
}
