{"D:\\Programing Projects\\travel-dulu\\client\\src\\components\\Loader\\index.jsx": {"path":"D:\\Programing Projects\\travel-dulu\\client\\src\\components\\Loader\\index.jsx","statementMap":{"0":{"start":{"line":6,"column":15},"end":{"line":16,"column":1}},"1":{"start":{"line":7,"column":2},"end":{"line":15,"column":8}},"2":{"start":{"line":18,"column":0},"end":{"line":20,"column":2}}},"fnMap":{"0":{"name":"(anonymous_0)","decl":{"start":{"line":6,"column":15},"end":{"line":6,"column":16}},"loc":{"start":{"line":7,"column":2},"end":{"line":15,"column":8}},"line":7}},"branchMap":{"0":{"loc":{"start":{"line":11,"column":28},"end":{"line":11,"column":46}},"type":"binary-expr","locations":[{"start":{"line":11,"column":28},"end":{"line":11,"column":37}},{"start":{"line":11,"column":41},"end":{"line":11,"column":46}}],"line":11}},"s":{"0":1,"1":3,"2":1},"f":{"0":3},"b":{"0":[3,1]},"_coverageSchema":"1a1c01bbd47fc00a2c39e90264f33305004495a9","hash":"223b2916576034deec46b78ff39c94820c7495b5"}
,"D:\\Programing Projects\\travel-dulu\\client\\src\\components\\PopupMessage\\Dialog.jsx": {"path":"D:\\Programing Projects\\travel-dulu\\client\\src\\components\\PopupMessage\\Dialog.jsx","statementMap":{"0":{"start":{"line":8,"column":21},"end":{"line":22,"column":1}},"1":{"start":{"line":9,"column":2},"end":{"line":21,"column":4}},"2":{"start":{"line":24,"column":0},"end":{"line":29,"column":2}}},"fnMap":{"0":{"name":"(anonymous_0)","decl":{"start":{"line":8,"column":21},"end":{"line":8,"column":22}},"loc":{"start":{"line":8,"column":60},"end":{"line":22,"column":1}},"line":8}},"branchMap":{"0":{"loc":{"start":{"line":12,"column":30},"end":{"line":12,"column":62}},"type":"binary-expr","locations":[{"start":{"line":12,"column":30},"end":{"line":12,"column":35}},{"start":{"line":12,"column":39},"end":{"line":12,"column":62}}],"line":12},"1":{"loc":{"start":{"line":15,"column":30},"end":{"line":15,"column":66}},"type":"binary-expr","locations":[{"start":{"line":15,"column":30},"end":{"line":15,"column":37}},{"start":{"line":15,"column":41},"end":{"line":15,"column":66}}],"line":15}},"s":{"0":1,"1":4,"2":1},"f":{"0":4},"b":{"0":[4,3],"1":[4,3]},"_coverageSchema":"1a1c01bbd47fc00a2c39e90264f33305004495a9","hash":"2f15017e1a1ff2a4ed82deb290c6996aea582711"}
}
