TN:
SF:src\configureStore.js
FN:12,(anonymous_0)
FNF:1
FNH:1
FNDA:9,(anonymous_0)
DA:9,9
DA:12,9
DA:13,9
DA:14,9
DA:18,9
DA:19,9
DA:22,9
DA:23,9
DA:24,9
DA:25,9
DA:27,9
DA:29,9
DA:32,9
DA:33,9
DA:36,9
DA:39,9
LF:16
LH:16
BRDA:12,0,0,0
BRDA:18,1,0,9
BRDA:18,1,1,0
BRDA:18,2,0,9
BRDA:18,2,1,9
BRDA:19,3,0,0
BRDA:19,3,1,9
BRF:7
BRH:4
end_of_record
TN:
SF:src\persistence.js
FN:10,(anonymous_0)
FN:12,(anonymous_1)
FN:22,(anonymous_2)
FNF:3
FNH:3
FNDA:9,(anonymous_0)
FNDA:18,(anonymous_1)
FNDA:18,(anonymous_2)
DA:4,9
DA:10,9
DA:11,9
DA:12,18
DA:22,18
LF:5
LH:5
BRF:0
BRH:0
end_of_record
TN:
SF:src\reducers.js
FN:32,(anonymous_0)
FN:37,(anonymous_1)
FNF:2
FNH:2
FNDA:9,(anonymous_0)
FNDA:59,(anonymous_1)
DA:16,9
DA:21,9
DA:32,9
DA:33,9
DA:37,59
DA:38,9
LF:6
LH:6
BRF:0
BRH:0
end_of_record
TN:
SF:src\rootSaga.js
FN:12,rootSaga
FNF:1
FNH:1
FNDA:9,rootSaga
DA:13,9
LF:1
LH:1
BRF:0
BRH:0
end_of_record
TN:
SF:src\containers\App\actions.js
FN:3,(anonymous_0)
FN:8,(anonymous_1)
FN:13,(anonymous_2)
FN:22,(anonymous_3)
FN:31,(anonymous_4)
FN:36,(anonymous_5)
FN:43,(anonymous_6)
FN:50,(anonymous_7)
FNF:8
FNH:1
FNDA:0,(anonymous_0)
FNDA:0,(anonymous_1)
FNDA:0,(anonymous_2)
FNDA:0,(anonymous_3)
FNDA:6,(anonymous_4)
FNDA:0,(anonymous_5)
FNDA:0,(anonymous_6)
FNDA:0,(anonymous_7)
DA:3,9
DA:8,9
DA:13,9
DA:22,9
DA:31,9
DA:36,9
DA:43,9
DA:50,9
LF:8
LH:8
BRDA:13,0,0,0
BRDA:13,1,0,0
BRF:2
BRH:0
end_of_record
TN:
SF:src\containers\App\constants.js
FNF:0
FNH:0
DA:1,9
DA:2,9
DA:3,9
DA:4,9
DA:6,9
DA:7,9
DA:8,9
LF:7
LH:7
BRF:0
BRH:0
end_of_record
TN:
SF:src\containers\App\reducer.js
FN:18,(anonymous_0)
FN:19,(anonymous_1)
FNF:2
FNH:2
FNDA:77,(anonymous_0)
FNDA:77,(anonymous_1)
DA:5,9
DA:16,9
DA:18,9
DA:19,77
DA:20,77
DA:22,0
DA:23,0
DA:25,0
DA:26,0
DA:28,0
DA:29,0
DA:31,6
DA:32,6
LF:13
LH:7
BRDA:18,0,0,27
BRDA:20,1,0,0
BRDA:20,1,1,0
BRDA:20,1,2,0
BRDA:20,1,3,6
BRF:5
BRH:2
end_of_record
TN:
SF:src\containers\App\saga.js
FN:8,doRegister
FN:26,doLogin
FN:51,doSendForgotPassword
FN:69,appSaga
FNF:4
FNH:1
FNDA:0,doRegister
FNDA:0,doLogin
FNDA:0,doSendForgotPassword
FNDA:9,appSaga
DA:9,0
DA:11,0
DA:12,0
DA:14,0
DA:16,0
DA:17,0
DA:19,0
DA:23,0
DA:27,0
DA:29,0
DA:30,0
DA:32,0
DA:33,0
DA:35,0
DA:36,0
DA:37,0
DA:39,0
DA:41,0
DA:42,0
DA:44,0
DA:48,0
DA:52,0
DA:54,0
DA:55,0
DA:57,0
DA:59,0
DA:60,0
DA:62,0
DA:66,0
DA:70,9
DA:71,9
DA:72,9
LF:32
LH:3
BRDA:16,0,0,0
BRDA:16,0,1,0
BRDA:41,1,0,0
BRDA:41,1,1,0
BRDA:59,2,0,0
BRDA:59,2,1,0
BRF:6
BRH:0
end_of_record
TN:
SF:src\containers\App\selectors.js
FN:4,(anonymous_0)
FN:6,(anonymous_1)
FN:7,(anonymous_2)
FN:8,(anonymous_3)
FN:9,(anonymous_4)
FNF:5
FNH:2
FNDA:29,(anonymous_0)
FNDA:12,(anonymous_1)
FNDA:0,(anonymous_2)
FNDA:0,(anonymous_3)
FNDA:0,(anonymous_4)
DA:4,29
DA:6,12
DA:7,9
DA:8,9
DA:9,9
LF:5
LH:5
BRDA:4,0,0,29
BRDA:4,0,1,0
BRF:2
BRH:1
end_of_record
TN:
SF:src\containers\Client\actions.js
FN:3,(anonymous_0)
FN:8,(anonymous_1)
FN:13,(anonymous_2)
FNF:3
FNH:0
FNDA:0,(anonymous_0)
FNDA:0,(anonymous_1)
FNDA:0,(anonymous_2)
DA:3,9
DA:8,9
DA:13,9
LF:3
LH:3
BRF:0
BRH:0
end_of_record
TN:
SF:src\containers\Client\constants.js
FNF:0
FNH:0
DA:1,9
DA:2,9
DA:3,9
LF:3
LH:3
BRF:0
BRH:0
end_of_record
TN:
SF:src\containers\Client\reducer.js
FN:13,(anonymous_0)
FN:14,(anonymous_1)
FNF:2
FNH:2
FNDA:77,(anonymous_0)
FNDA:77,(anonymous_1)
DA:5,9
DA:11,9
DA:13,9
DA:14,77
DA:15,77
DA:17,0
DA:18,0
DA:20,0
DA:21,0
DA:23,0
DA:24,0
LF:11
LH:5
BRDA:13,0,0,27
BRDA:15,1,0,0
BRDA:15,1,1,0
BRDA:15,1,2,0
BRF:4
BRH:1
end_of_record
TN:
SF:src\containers\Client\selectors.js
FN:4,(anonymous_0)
FN:6,(anonymous_1)
FN:7,(anonymous_2)
FN:8,(anonymous_3)
FNF:4
FNH:3
FNDA:17,(anonymous_0)
FNDA:3,(anonymous_1)
FNDA:0,(anonymous_2)
FNDA:3,(anonymous_3)
DA:4,17
DA:6,5
DA:7,5
DA:8,5
LF:4
LH:4
BRDA:4,0,0,17
BRDA:4,0,1,0
BRF:2
BRH:1
end_of_record
TN:
SF:src\containers\Language\actions.js
FN:3,(anonymous_0)
FNF:1
FNH:0
FNDA:0,(anonymous_0)
DA:3,0
LF:1
LH:0
BRF:0
BRH:0
end_of_record
TN:
SF:src\containers\Language\constants.js
FNF:0
FNH:0
DA:1,9
DA:2,9
LF:2
LH:2
BRF:0
BRH:0
end_of_record
TN:
SF:src\containers\Language\reducer.js
FN:15,(anonymous_0)
FN:16,(anonymous_1)
FNF:2
FNH:2
FNDA:77,(anonymous_0)
FNDA:77,(anonymous_1)
DA:8,9
DA:15,9
DA:16,77
DA:17,77
DA:19,0
DA:20,0
LF:6
LH:4
BRDA:15,0,0,27
BRDA:17,1,0,0
BRF:2
BRH:1
end_of_record
TN:
SF:src\containers\Language\selectors.js
FN:5,(anonymous_0)
FN:7,(anonymous_1)
FNF:2
FNH:2
FNDA:29,(anonymous_0)
FNDA:9,(anonymous_1)
DA:5,29
DA:7,9
LF:2
LH:2
BRDA:5,0,0,29
BRDA:5,0,1,0
BRF:2
BRH:1
end_of_record
TN:
SF:src\domain\api.js
FN:18,(anonymous_0)
FN:32,(anonymous_1)
FN:38,(anonymous_2)
FN:41,(anonymous_3)
FN:42,(anonymous_4)
FN:45,(anonymous_5)
FN:46,(anonymous_6)
FN:47,(anonymous_7)
FN:48,(anonymous_8)
FN:49,(anonymous_9)
FN:50,(anonymous_10)
FN:51,(anonymous_11)
FN:54,(anonymous_12)
FN:55,(anonymous_13)
FN:56,(anonymous_14)
FN:57,(anonymous_15)
FN:60,(anonymous_16)
FN:61,(anonymous_17)
FN:62,(anonymous_18)
FN:63,(anonymous_19)
FN:64,(anonymous_20)
FN:65,(anonymous_21)
FN:68,(anonymous_22)
FN:69,(anonymous_23)
FN:70,(anonymous_24)
FN:71,(anonymous_25)
FNF:26
FNH:4
FNDA:6,(anonymous_0)
FNDA:0,(anonymous_1)
FNDA:0,(anonymous_2)
FNDA:0,(anonymous_3)
FNDA:0,(anonymous_4)
FNDA:2,(anonymous_5)
FNDA:0,(anonymous_6)
FNDA:0,(anonymous_7)
FNDA:0,(anonymous_8)
FNDA:0,(anonymous_9)
FNDA:0,(anonymous_10)
FNDA:0,(anonymous_11)
FNDA:2,(anonymous_12)
FNDA:0,(anonymous_13)
FNDA:0,(anonymous_14)
FNDA:0,(anonymous_15)
FNDA:2,(anonymous_16)
FNDA:0,(anonymous_17)
FNDA:0,(anonymous_18)
FNDA:0,(anonymous_19)
FNDA:0,(anonymous_20)
FNDA:0,(anonymous_21)
FNDA:0,(anonymous_22)
FNDA:0,(anonymous_23)
FNDA:0,(anonymous_24)
FNDA:0,(anonymous_25)
DA:6,9
DA:18,9
DA:19,6
DA:23,6
DA:24,6
DA:32,6
DA:33,0
DA:34,0
DA:38,9
DA:41,9
DA:42,9
DA:45,9
DA:46,9
DA:47,9
DA:48,9
DA:49,9
DA:50,9
DA:51,9
DA:54,9
DA:55,9
DA:56,9
DA:57,9
DA:60,9
DA:61,9
DA:62,9
DA:63,9
DA:64,9
DA:65,9
DA:68,9
DA:69,9
DA:70,9
DA:71,9
LF:32
LH:30
BRDA:18,0,0,4
BRDA:18,1,0,4
BRDA:18,2,0,6
BRF:3
BRH:3
end_of_record
TN:
SF:src\languages\id.js
FNF:0
FNH:0
LF:0
LH:0
BRF:0
BRH:0
end_of_record
TN:
SF:src\pages\Bookings\actions.js
FN:3,(anonymous_0)
FN:8,(anonymous_1)
FN:13,(anonymous_2)
FN:19,(anonymous_3)
FN:24,(anonymous_4)
FNF:5
FNH:2
FNDA:2,(anonymous_0)
FNDA:2,(anonymous_1)
FNDA:0,(anonymous_2)
FNDA:0,(anonymous_3)
FNDA:0,(anonymous_4)
DA:3,9
DA:8,9
DA:13,9
DA:19,9
DA:24,9
LF:5
LH:5
BRF:0
BRH:0
end_of_record
TN:
SF:src\pages\Bookings\constants.js
FNF:0
FNH:0
DA:1,9
DA:2,9
DA:3,9
DA:4,9
DA:5,9
LF:5
LH:5
BRF:0
BRH:0
end_of_record
TN:
SF:src\pages\Bookings\reducer.js
FN:11,(anonymous_0)
FN:12,(anonymous_1)
FNF:2
FNH:2
FNDA:77,(anonymous_0)
FNDA:77,(anonymous_1)
DA:4,9
DA:9,9
DA:11,9
DA:12,77
DA:13,77
DA:15,2
DA:16,2
DA:18,0
DA:19,0
LF:9
LH:7
BRDA:11,0,0,27
BRDA:13,1,0,2
BRDA:13,1,1,0
BRF:3
BRH:2
end_of_record
TN:
SF:src\pages\Bookings\saga.js
FN:8,doGetBookingData
FN:22,doGetBookingDetailData
FN:36,doUpdateBookingStatus
FN:50,bookingsSaga
FNF:4
FNH:2
FNDA:2,doGetBookingData
FNDA:0,doGetBookingDetailData
FNDA:0,doUpdateBookingStatus
FNDA:9,bookingsSaga
DA:9,2
DA:11,2
DA:12,2
DA:14,0
DA:16,0
DA:19,0
DA:23,0
DA:25,0
DA:26,0
DA:28,0
DA:30,0
DA:33,0
DA:37,0
DA:39,0
DA:40,0
DA:42,0
DA:44,0
DA:47,0
DA:51,9
DA:52,9
DA:53,9
LF:21
LH:6
BRDA:12,0,0,0
BRDA:12,0,1,2
BRDA:26,1,0,0
BRDA:26,1,1,0
BRF:4
BRH:1
end_of_record
TN:
SF:src\pages\Bookings\selectors.js
FN:4,(anonymous_0)
FN:6,(anonymous_1)
FN:7,(anonymous_2)
FNF:3
FNH:2
FNDA:4,(anonymous_0)
FNDA:3,(anonymous_1)
FNDA:0,(anonymous_2)
DA:4,4
DA:6,3
DA:7,1
LF:3
LH:3
BRDA:4,0,0,4
BRDA:4,0,1,0
BRF:2
BRH:1
end_of_record
TN:
SF:src\pages\Coupons\actions.js
FN:3,(anonymous_0)
FN:7,(anonymous_1)
FN:12,(anonymous_2)
FN:18,(anonymous_3)
FNF:4
FNH:1
FNDA:2,(anonymous_0)
FNDA:0,(anonymous_1)
FNDA:0,(anonymous_2)
FNDA:0,(anonymous_3)
DA:3,9
DA:7,9
DA:12,9
DA:18,9
LF:4
LH:4
BRF:0
BRH:0
end_of_record
TN:
SF:src\pages\Coupons\constants.js
FNF:0
FNH:0
DA:1,9
DA:2,9
DA:3,9
DA:4,9
LF:4
LH:4
BRF:0
BRH:0
end_of_record
TN:
SF:src\pages\Coupons\reducer.js
FN:10,(anonymous_0)
FN:11,(anonymous_1)
FNF:2
FNH:2
FNDA:77,(anonymous_0)
FNDA:77,(anonymous_1)
DA:4,9
DA:8,9
DA:10,9
DA:11,77
DA:12,77
DA:14,0
DA:15,0
LF:7
LH:5
BRDA:10,0,0,27
BRDA:12,1,0,0
BRF:2
BRH:1
end_of_record
TN:
SF:src\pages\Coupons\saga.js
FN:8,doGetCouponsData
FN:22,doCreateCoupon
FN:36,doDeleteCoupon
FN:50,couponsSaga
FNF:4
FNH:2
FNDA:2,doGetCouponsData
FNDA:0,doCreateCoupon
FNDA:0,doDeleteCoupon
FNDA:9,couponsSaga
DA:9,2
DA:11,2
DA:12,2
DA:14,0
DA:16,0
DA:19,0
DA:23,0
DA:25,0
DA:26,0
DA:28,0
DA:30,0
DA:33,0
DA:37,0
DA:39,0
DA:40,0
DA:42,0
DA:44,0
DA:47,0
DA:51,9
DA:52,9
DA:53,9
LF:21
LH:6
BRF:0
BRH:0
end_of_record
TN:
SF:src\pages\Coupons\selectors.js
FN:4,(anonymous_0)
FN:6,(anonymous_1)
FNF:2
FNH:2
FNDA:3,(anonymous_0)
FNDA:1,(anonymous_1)
DA:4,3
DA:6,1
LF:2
LH:2
BRDA:4,0,0,3
BRDA:4,0,1,0
BRF:2
BRH:1
end_of_record
TN:
SF:src\pages\Home\actions.js
FN:3,(anonymous_0)
FN:8,(anonymous_1)
FN:13,(anonymous_2)
FNF:3
FNH:1
FNDA:2,(anonymous_0)
FNDA:0,(anonymous_1)
FNDA:0,(anonymous_2)
DA:3,9
DA:8,9
DA:13,9
LF:3
LH:3
BRF:0
BRH:0
end_of_record
TN:
SF:src\pages\Home\constants.js
FNF:0
FNH:0
DA:1,9
DA:2,9
DA:3,9
LF:3
LH:3
BRF:0
BRH:0
end_of_record
TN:
SF:src\pages\Home\reducer.js
FN:10,(anonymous_0)
FN:11,(anonymous_1)
FNF:2
FNH:2
FNDA:77,(anonymous_0)
FNDA:77,(anonymous_1)
DA:4,9
DA:8,9
DA:10,9
DA:11,77
DA:12,77
DA:14,0
DA:15,0
LF:7
LH:5
BRDA:10,0,0,27
BRDA:12,1,0,0
BRF:2
BRH:1
end_of_record
TN:
SF:src\pages\Home\saga.js
FN:8,doGetTicketData
FN:21,doGetMyTicketData
FN:34,homeSaga
FNF:3
FNH:2
FNDA:2,doGetTicketData
FNDA:0,doGetMyTicketData
FNDA:9,homeSaga
DA:9,2
DA:11,2
DA:12,2
DA:13,0
DA:15,0
DA:18,0
DA:22,0
DA:24,0
DA:25,0
DA:26,0
DA:28,0
DA:31,0
DA:35,9
DA:36,9
LF:14
LH:5
BRF:0
BRH:0
end_of_record
TN:
SF:src\pages\Home\selectors.js
FN:4,(anonymous_0)
FN:6,(anonymous_1)
FNF:2
FNH:2
FNDA:3,(anonymous_0)
FNDA:1,(anonymous_1)
DA:4,3
DA:6,1
LF:2
LH:2
BRDA:4,0,0,3
BRDA:4,0,1,0
BRF:2
BRH:1
end_of_record
TN:
SF:src\pages\PaymentPage\actions.js
FN:3,(anonymous_0)
FN:8,(anonymous_1)
FN:13,(anonymous_2)
FN:18,(anonymous_3)
FN:23,(anonymous_4)
FNF:5
FNH:0
FNDA:0,(anonymous_0)
FNDA:0,(anonymous_1)
FNDA:0,(anonymous_2)
FNDA:0,(anonymous_3)
FNDA:0,(anonymous_4)
DA:3,9
DA:8,9
DA:13,9
DA:18,9
DA:23,9
LF:5
LH:5
BRF:0
BRH:0
end_of_record
TN:
SF:src\pages\PaymentPage\constants.js
FNF:0
FNH:0
DA:1,9
DA:2,9
DA:3,9
DA:4,9
DA:5,9
LF:5
LH:5
BRF:0
BRH:0
end_of_record
TN:
SF:src\pages\PaymentPage\reducer.js
FN:12,(anonymous_0)
FN:13,(anonymous_1)
FNF:2
FNH:2
FNDA:77,(anonymous_0)
FNDA:77,(anonymous_1)
DA:4,9
DA:10,9
DA:12,9
DA:13,77
DA:14,77
DA:16,0
DA:17,0
DA:19,0
DA:20,0
DA:22,0
DA:23,0
LF:11
LH:5
BRDA:12,0,0,27
BRDA:14,1,0,0
BRDA:14,1,1,0
BRDA:14,1,2,0
BRF:4
BRH:1
end_of_record
TN:
SF:src\pages\PaymentPage\saga.js
FN:9,doGetCouponDatas
FN:13,(anonymous_1)
FN:25,doSendBookingData
FN:37,paymentPageSaga
FNF:4
FNH:1
FNDA:0,doGetCouponDatas
FNDA:0,(anonymous_1)
FNDA:0,doSendBookingData
FNDA:9,paymentPageSaga
DA:10,0
DA:11,0
DA:12,0
DA:13,0
DA:18,0
DA:20,0
DA:22,0
DA:26,0
DA:27,0
DA:28,0
DA:30,0
DA:32,0
DA:34,0
DA:38,9
DA:39,9
LF:15
LH:2
BRF:0
BRH:0
end_of_record
TN:
SF:src\pages\PaymentPage\selectors.js
FN:4,(anonymous_0)
FN:6,(anonymous_1)
FN:7,(anonymous_2)
FN:8,(anonymous_3)
FNF:4
FNH:0
FNDA:0,(anonymous_0)
FNDA:0,(anonymous_1)
FNDA:0,(anonymous_2)
FNDA:0,(anonymous_3)
DA:4,0
DA:6,0
DA:7,0
DA:8,0
LF:4
LH:0
BRDA:4,0,0,0
BRDA:4,0,1,0
BRF:2
BRH:0
end_of_record
TN:
SF:src\pages\Profile\actions.js
FN:3,(anonymous_0)
FN:7,(anonymous_1)
FN:12,(anonymous_2)
FN:18,(anonymous_3)
FNF:4
FNH:0
FNDA:0,(anonymous_0)
FNDA:0,(anonymous_1)
FNDA:0,(anonymous_2)
FNDA:0,(anonymous_3)
DA:3,9
DA:7,9
DA:12,9
DA:18,9
LF:4
LH:4
BRF:0
BRH:0
end_of_record
TN:
SF:src\pages\Profile\constants.js
FNF:0
FNH:0
DA:1,9
DA:2,9
DA:3,9
DA:4,9
LF:4
LH:4
BRF:0
BRH:0
end_of_record
TN:
SF:src\pages\Profile\reducer.js
FN:10,(anonymous_0)
FN:11,(anonymous_1)
FNF:2
FNH:2
FNDA:77,(anonymous_0)
FNDA:77,(anonymous_1)
DA:4,9
DA:8,9
DA:10,9
DA:11,77
DA:12,77
DA:14,0
DA:15,0
LF:7
LH:5
BRDA:10,0,0,27
BRDA:12,1,0,0
BRF:2
BRH:1
end_of_record
TN:
SF:src\pages\Profile\saga.js
FN:8,doGetProfileData
FN:22,doSaveProfileData
FN:36,doChangePassword
FN:54,profileSaga
FNF:4
FNH:1
FNDA:0,doGetProfileData
FNDA:0,doSaveProfileData
FNDA:0,doChangePassword
FNDA:9,profileSaga
DA:9,0
DA:11,0
DA:12,0
DA:14,0
DA:16,0
DA:19,0
DA:23,0
DA:25,0
DA:26,0
DA:28,0
DA:30,0
DA:33,0
DA:37,0
DA:39,0
DA:40,0
DA:42,0
DA:44,0
DA:45,0
DA:47,0
DA:51,0
DA:55,9
DA:56,9
DA:57,9
LF:23
LH:3
BRDA:44,0,0,0
BRDA:44,0,1,0
BRF:2
BRH:0
end_of_record
TN:
SF:src\pages\Profile\selectors.js
FN:4,(anonymous_0)
FN:6,(anonymous_1)
FNF:2
FNH:0
FNDA:0,(anonymous_0)
FNDA:0,(anonymous_1)
DA:4,0
DA:6,0
LF:2
LH:0
BRDA:4,0,0,0
BRDA:4,0,1,0
BRF:2
BRH:0
end_of_record
TN:
SF:src\pages\TicketCreation\actions.js
FN:3,(anonymous_0)
FN:9,(anonymous_1)
FN:14,(anonymous_2)
FN:20,(anonymous_3)
FN:26,(anonymous_4)
FNF:5
FNH:0
FNDA:0,(anonymous_0)
FNDA:0,(anonymous_1)
FNDA:0,(anonymous_2)
FNDA:0,(anonymous_3)
FNDA:0,(anonymous_4)
DA:3,9
DA:9,9
DA:14,9
DA:20,9
DA:26,9
LF:5
LH:5
BRF:0
BRH:0
end_of_record
TN:
SF:src\pages\TicketCreation\constants.js
FNF:0
FNH:0
DA:1,9
DA:2,9
DA:3,9
DA:4,9
DA:5,9
LF:5
LH:5
BRF:0
BRH:0
end_of_record
TN:
SF:src\pages\TicketCreation\reducer.js
FN:10,(anonymous_0)
FN:11,(anonymous_1)
FNF:2
FNH:2
FNDA:77,(anonymous_0)
FNDA:77,(anonymous_1)
DA:4,9
DA:8,9
DA:10,9
DA:11,77
DA:12,77
DA:14,0
DA:15,0
LF:7
LH:5
BRDA:10,0,0,27
BRDA:12,1,0,0
BRF:2
BRH:1
end_of_record
TN:
SF:src\pages\TicketCreation\saga.js
FN:8,doCreateNewTicket
FN:22,doGetMyTicketDetail
FN:37,doUpdateTicket
FN:52,doDeleteTicket
FN:66,ticketCreationSaga
FNF:5
FNH:1
FNDA:0,doCreateNewTicket
FNDA:0,doGetMyTicketDetail
FNDA:0,doUpdateTicket
FNDA:0,doDeleteTicket
FNDA:9,ticketCreationSaga
DA:9,0
DA:11,0
DA:12,0
DA:14,0
DA:16,0
DA:19,0
DA:23,0
DA:25,0
DA:26,0
DA:28,0
DA:30,0
DA:31,0
DA:34,0
DA:38,0
DA:40,0
DA:41,0
DA:42,0
DA:44,0
DA:46,0
DA:49,0
DA:53,0
DA:55,0
DA:56,0
DA:58,0
DA:60,0
DA:63,0
DA:67,9
DA:68,9
DA:69,9
DA:70,9
LF:30
LH:4
BRF:0
BRH:0
end_of_record
TN:
SF:src\pages\TicketCreation\selectors.js
FN:4,(anonymous_0)
FN:6,(anonymous_1)
FNF:2
FNH:0
FNDA:0,(anonymous_0)
FNDA:0,(anonymous_1)
DA:4,0
DA:6,0
LF:2
LH:0
BRDA:4,0,0,0
BRDA:4,0,1,0
BRF:2
BRH:0
end_of_record
TN:
SF:src\pages\TicketDetail\actions.js
FN:3,(anonymous_0)
FN:9,(anonymous_1)
FNF:2
FNH:0
FNDA:0,(anonymous_0)
FNDA:0,(anonymous_1)
DA:3,9
DA:9,9
LF:2
LH:2
BRF:0
BRH:0
end_of_record
TN:
SF:src\pages\TicketDetail\constants.js
FNF:0
FNH:0
DA:1,9
DA:2,9
LF:2
LH:2
BRF:0
BRH:0
end_of_record
TN:
SF:src\pages\TicketDetail\reducer.js
FN:37,(anonymous_0)
FN:38,(anonymous_1)
FNF:2
FNH:2
FNDA:77,(anonymous_0)
FNDA:77,(anonymous_1)
DA:4,9
DA:35,9
DA:37,9
DA:38,77
DA:39,77
DA:41,0
DA:42,0
LF:7
LH:5
BRDA:37,0,0,27
BRDA:39,1,0,0
BRF:2
BRH:1
end_of_record
TN:
SF:src\pages\TicketDetail\saga.js
FN:8,doGetProductData
FN:26,ticketDetailSaga
FNF:2
FNH:1
FNDA:0,doGetProductData
FNDA:9,ticketDetailSaga
DA:9,0
DA:11,0
DA:12,0
DA:14,0
DA:16,0
DA:17,0
DA:18,0
DA:20,0
DA:23,0
DA:27,9
LF:10
LH:1
BRDA:16,0,0,0
BRDA:16,0,1,0
BRF:2
BRH:0
end_of_record
TN:
SF:src\pages\TicketDetail\selectors.js
FN:4,(anonymous_0)
FN:6,(anonymous_1)
FNF:2
FNH:0
FNDA:0,(anonymous_0)
FNDA:0,(anonymous_1)
DA:4,0
DA:6,0
LF:2
LH:0
BRDA:4,0,0,0
BRDA:4,0,1,0
BRF:2
BRH:0
end_of_record
TN:
SF:src\utils\allUtils.js
FN:6,(anonymous_0)
FN:7,(anonymous_1)
FN:8,(anonymous_2)
FN:16,(anonymous_3)
FNF:4
FNH:3
FNDA:0,(anonymous_0)
FNDA:2,(anonymous_1)
FNDA:2,(anonymous_2)
FNDA:6,(anonymous_3)
DA:4,9
DA:6,9
DA:7,9
DA:8,9
DA:9,2
DA:10,2
DA:12,0
DA:13,0
DA:16,9
LF:9
LH:7
BRDA:7,0,0,0
BRDA:7,0,1,2
BRDA:16,1,0,5
BRDA:16,1,1,1
BRF:4
BRH:3
end_of_record
TN:
SF:src\utils\hookHelper.js
FN:3,(anonymous_0)
FN:4,(anonymous_1)
FN:5,(anonymous_2)
FN:10,(anonymous_3)
FNF:4
FNH:0
FNDA:0,(anonymous_0)
FNDA:0,(anonymous_1)
FNDA:0,(anonymous_2)
FNDA:0,(anonymous_3)
DA:3,0
DA:4,0
DA:5,0
DA:6,0
DA:8,0
DA:9,0
DA:10,0
LF:7
LH:0
BRF:0
BRH:0
end_of_record
TN:
SF:src\utils\request.js
FN:5,(anonymous_0)
FN:15,(anonymous_1)
FN:16,(anonymous_2)
FN:19,(anonymous_3)
FNF:4
FNH:2
FNDA:6,(anonymous_0)
FNDA:0,(anonymous_1)
FNDA:0,(anonymous_2)
FNDA:6,(anonymous_3)
DA:5,9
DA:6,6
DA:7,6
DA:8,6
DA:9,0
DA:11,6
DA:14,9
DA:15,0
DA:16,0
DA:19,9
LF:10
LH:7
BRDA:8,0,0,0
BRDA:8,0,1,6
BRF:2
BRH:1
end_of_record
TN:
SF:src\utils\testHelper.js
FN:18,(anonymous_0)
FN:30,(anonymous_1)
FN:32,(anonymous_2)
FN:32,(anonymous_3)
FN:32,(anonymous_4)
FNF:5
FNH:0
FNDA:0,(anonymous_0)
FNDA:0,(anonymous_1)
FNDA:0,(anonymous_2)
FNDA:0,(anonymous_3)
FNDA:0,(anonymous_4)
DA:13,0
DA:18,0
DA:19,0
DA:26,0
DA:30,0
DA:32,0
LF:6
LH:0
BRF:0
BRH:0
end_of_record
